[2024-05-07 17:01:31.792] [info]  Downloading https://uploads-prod.reticulum.io/files/ec3f2c82-3e9e-41a1-b4e5-64257a5530fe.glb => C:\Users\lenad\Desktop\OO\Hubs backup\hubs.mozilla.com\info@oasis.art\blender\4z5MrSB\ec3f2c82-3e9e-41a1-b4e5-64257a5530fe.glb... 
[2024-05-07 17:01:31.906] [info]  Downloading https://hubs.mozilla.com/r4ohaGR/objects.gltf => C:\Users\lenad\Desktop\OO\Hubs backup\hubs.mozilla.com\info@oasis.art\rooms\r4ohaGR\objects.gltf... 
[2024-05-07 17:01:31.914] [info]  Success
[2024-05-07 17:01:32.021] [info]  Downloading https://hubs.mozilla.com/XMDYCoC/objects.gltf => C:\Users\lenad\Desktop\OO\Hubs backup\hubs.mozilla.com\info@oasis.art\rooms\XMDYCoC\objects.gltf... 
[2024-05-07 17:01:32.024] [info]  Success
[2024-05-07 17:01:32.100] [info]  Downloading https://uploads-prod.reticulum.io/files/aaed7ca6-f15b-4717-a92e-de9cfc6a622c.json => C:\Users\lenad\Desktop\OO\Hubs backup\hubs.mozilla.com\info@oasis.art\spoke\yPkePuV\aaed7ca6-f15b-4717-a92e-de9cfc6a622c.json... 
[2024-05-07 17:01:32.104] [info]  Success
[2024-05-07 17:01:32.112] [info]  Success
[2024-05-07 17:01:32.119] [info]  Downloading https://uploads-prod.reticulum.io/files/c2ff9aa3-9a11-47b7-a1ee-9524e0d7f755.glb => C:\Users\lenad\Desktop\OO\Hubs backup\hubs.mozilla.com\info@oasis.art\media\c2ff9aa3-9a11-47b7-a1ee-9524e0d7f755.glb... 
[2024-05-07 17:01:32.125] [info]  Downloading https://hubs.mozilla.com/G9qvjk5/objects.gltf => C:\Users\lenad\Desktop\OO\Hubs backup\hubs.mozilla.com\info@oasis.art\rooms\G9qvjk5\objects.gltf... 
[2024-05-07 17:01:32.129] [info]  Success
[2024-05-07 17:01:32.141] [info]  Downloading https://uploads-prod.reticulum.io/files/ccfcabf8-9670-418d-abcc-c73c1f2487ba.png => C:\Users\lenad\Desktop\OO\Hubs backup\hubs.mozilla.com\info@oasis.art\avatars\waWdgZ9\ccfcabf8-9670-418d-abcc-c73c1f2487ba.png... 
[2024-05-07 17:01:32.186] [info]  Downloading https://uploads-prod.reticulum.io/files/2268e6ae-6b6c-45d4-8346-5d2d38293396.jpg => C:\Users\lenad\Desktop\OO\Hubs backup\hubs.mozilla.com\info@oasis.art\spoke\yPkePuV\2268e6ae-6b6c-45d4-8346-5d2d38293396.jpg... 
[2024-05-07 17:01:32.209] [info]  Downloading https://hubs.mozilla.com/p8geb2b/objects.gltf => C:\Users\lenad\Desktop\OO\Hubs backup\hubs.mozilla.com\info@oasis.art\rooms\p8geb2b\objects.gltf... 
[2024-05-07 17:01:32.213] [info]  Downloading https://uploads-prod.reticulum.io/files/99c8b3b8-a556-4eaf-9b67-1f1b2fdcbe20.png => C:\Users\lenad\Desktop\OO\Hubs backup\hubs.mozilla.com\info@oasis.art\blender\4z5MrSB\99c8b3b8-a556-4eaf-9b67-1f1b2fdcbe20.png... 
[2024-05-07 17:01:32.224] [info]  Success
[2024-05-07 17:01:32.242] [info]  Success
[2024-05-07 17:01:32.320] [info]  Downloading https://hubs.mozilla.com/7Ccx856/objects.gltf => C:\Users\lenad\Desktop\OO\Hubs backup\hubs.mozilla.com\info@oasis.art\rooms\7Ccx856\objects.gltf... 
[2024-05-07 17:01:32.326] [info]  Success
[2024-05-07 17:01:32.330] [info]  Success
[2024-05-07 17:01:32.367] [info]  Downloading https://uploads-prod.reticulum.io/files/63bcaba2-7d2d-4b71-adb7-3f39549da55d.bin => C:\Users\lenad\Desktop\OO\Hubs backup\hubs.mozilla.com\info@oasis.art\spoke\yPkePuV\63bcaba2-7d2d-4b71-adb7-3f39549da55d.bin... 
[2024-05-07 17:01:32.482] [info]  Downloading https://uploads-prod.reticulum.io/files/0b3a8346-e071-455d-82af-8898f482f391.json => C:\Users\lenad\Desktop\OO\Hubs backup\hubs.mozilla.com\info@oasis.art\spoke\dTiFLhP\0b3a8346-e071-455d-82af-8898f482f391.json... 
[2024-05-07 17:01:32.488] [info]  Success
[2024-05-07 17:01:32.550] [info]  Success
[2024-05-07 17:01:32.574] [info]  Downloading https://uploads-prod.reticulum.io/files/c88baf10-0676-467c-bc70-51add2cc9244.jpg => C:\Users\lenad\Desktop\OO\Hubs backup\hubs.mozilla.com\info@oasis.art\spoke\dTiFLhP\c88baf10-0676-467c-bc70-51add2cc9244.jpg... 
[2024-05-07 17:01:32.589] [info]  Success
[2024-05-07 17:01:32.629] [info]  Downloading https://hubs.mozilla.com/gXZ3cyH/objects.gltf => C:\Users\lenad\Desktop\OO\Hubs backup\hubs.mozilla.com\info@oasis.art\rooms\gXZ3cyH\objects.gltf... 
[2024-05-07 17:01:32.635] [info]  Success
[2024-05-07 17:01:32.669] [info]  Downloading https://uploads-prod.reticulum.io/files/becccd1d-bba2-421c-bf8c-f727711df697.glb => C:\Users\lenad\Desktop\OO\Hubs backup\hubs.mozilla.com\info@oasis.art\blender\YLZ6yzX\becccd1d-bba2-421c-bf8c-f727711df697.glb... 
[2024-05-07 17:01:32.801] [info]  Downloading https://uploads-prod.reticulum.io/files/85bcff6c-75a2-4c2d-9481-b6ca6358382c.bin => C:\Users\lenad\Desktop\OO\Hubs backup\hubs.mozilla.com\info@oasis.art\spoke\dTiFLhP\85bcff6c-75a2-4c2d-9481-b6ca6358382c.bin... 
[2024-05-07 17:01:32.839] [info]  Downloading https://hubs.mozilla.com/tyBXQAd/objects.gltf => C:\Users\lenad\Desktop\OO\Hubs backup\hubs.mozilla.com\info@oasis.art\rooms\tyBXQAd\objects.gltf... 
[2024-05-07 17:01:32.847] [info]  Success
[2024-05-07 17:01:32.952] [info]  Downloading https://hubs.mozilla.com/api/v1/avatars/waWdgZ9/avatar.gltf?v=63811957663 => C:\Users\lenad\Desktop\OO\Hubs backup\hubs.mozilla.com\info@oasis.art\avatars\waWdgZ9\avatar.gltf... 
[2024-05-07 17:01:33.182] [info]  Downloading https://hubs.mozilla.com/J89cs8s/objects.gltf => C:\Users\lenad\Desktop\OO\Hubs backup\hubs.mozilla.com\info@oasis.art\rooms\J89cs8s\objects.gltf... 
[2024-05-07 17:01:33.188] [info]  Success
[2024-05-07 17:01:33.429] [info]  Downloading https://hubs.mozilla.com/zLGLcd5/objects.gltf => C:\Users\lenad\Desktop\OO\Hubs backup\hubs.mozilla.com\info@oasis.art\rooms\zLGLcd5\objects.gltf... 
[2024-05-07 17:01:33.432] [info]  Success
[2024-05-07 17:01:33.583] [info]  Downloading https://uploads-prod.reticulum.io/files/e490c208-d973-4ad9-ab41-f2f095b15295.json => C:\Users\lenad\Desktop\OO\Hubs backup\hubs.mozilla.com\info@oasis.art\spoke\P7BTgyW\e490c208-d973-4ad9-ab41-f2f095b15295.json... 
[2024-05-07 17:01:33.594] [info]  Success
[2024-05-07 17:01:33.707] [info]  Downloading https://hubs.mozilla.com/ZazRceW/objects.gltf => C:\Users\lenad\Desktop\OO\Hubs backup\hubs.mozilla.com\info@oasis.art\rooms\ZazRceW\objects.gltf... 
[2024-05-07 17:01:33.713] [info]  Success
[2024-05-07 17:01:33.758] [info]  Downloading https://uploads-prod.reticulum.io/files/575eed00-0972-4d94-8df7-ce237fd37b31.jpg => C:\Users\lenad\Desktop\OO\Hubs backup\hubs.mozilla.com\info@oasis.art\spoke\P7BTgyW\575eed00-0972-4d94-8df7-ce237fd37b31.jpg... 
[2024-05-07 17:01:33.958] [info]  Success
[2024-05-07 17:01:33.974] [info]  Downloading https://hubs.mozilla.com/6SXmPkd/objects.gltf => C:\Users\lenad\Desktop\OO\Hubs backup\hubs.mozilla.com\info@oasis.art\rooms\6SXmPkd\objects.gltf... 
[2024-05-07 17:01:33.980] [info]  Success
[2024-05-07 17:01:34.077] [info]  Success
[2024-05-07 17:01:34.232] [info]  Downloading https://hubs.mozilla.com/jthAMJn/objects.gltf => C:\Users\lenad\Desktop\OO\Hubs backup\hubs.mozilla.com\info@oasis.art\rooms\jthAMJn\objects.gltf... 
[2024-05-07 17:01:34.236] [info]  Success
[2024-05-07 17:01:34.277] [info]  Downloading https://uploads-prod.reticulum.io/files/10111d57-5519-4868-ab23-7639f97b6dd8.bin => C:\Users\lenad\Desktop\OO\Hubs backup\hubs.mozilla.com\info@oasis.art\spoke\P7BTgyW\10111d57-5519-4868-ab23-7639f97b6dd8.bin... 
[2024-05-07 17:01:34.435] [info]  Downloading https://hubs.mozilla.com/aXfmuF4/objects.gltf => C:\Users\lenad\Desktop\OO\Hubs backup\hubs.mozilla.com\info@oasis.art\rooms\aXfmuF4\objects.gltf... 
[2024-05-07 17:01:34.441] [info]  Success
[2024-05-07 17:01:34.577] [info]  Downloading https://hubs.mozilla.com/api/v1/avatars/waWdgZ9/base.gltf?v=63811957663 => C:\Users\lenad\Desktop\OO\Hubs backup\hubs.mozilla.com\info@oasis.art\avatars\waWdgZ9\base.gltf... 
[2024-05-07 17:01:34.614] [info]  Downloading https://hubs.mozilla.com/WsVXbp8/objects.gltf => C:\Users\lenad\Desktop\OO\Hubs backup\hubs.mozilla.com\info@oasis.art\rooms\WsVXbp8\objects.gltf... 
[2024-05-07 17:01:34.620] [info]  Success
[2024-05-07 17:01:34.691] [info]  Downloading https://uploads-prod.reticulum.io/files/3734ab7f-ff15-423d-8348-2534ebc6e765.json => C:\Users\lenad\Desktop\OO\Hubs backup\hubs.mozilla.com\info@oasis.art\spoke\zou25Nv\3734ab7f-ff15-423d-8348-2534ebc6e765.json... 
[2024-05-07 17:01:34.707] [info]  Success
[2024-05-07 17:01:34.727] [info]  Downloading https://hubs.mozilla.com/wVLo7ic/objects.gltf => C:\Users\lenad\Desktop\OO\Hubs backup\hubs.mozilla.com\info@oasis.art\rooms\wVLo7ic\objects.gltf... 
[2024-05-07 17:01:34.743] [info]  Success
[2024-05-07 17:01:34.824] [info]  Downloading https://uploads-prod.reticulum.io/files/eb83f53d-5238-4b9e-aae4-10279005d103.jpg => C:\Users\lenad\Desktop\OO\Hubs backup\hubs.mozilla.com\info@oasis.art\spoke\zou25Nv\eb83f53d-5238-4b9e-aae4-10279005d103.jpg... 
[2024-05-07 17:01:34.831] [info]  Success
[2024-05-07 17:01:34.915] [info]  Downloading https://hubs.mozilla.com/SWsC9ux/objects.gltf => C:\Users\lenad\Desktop\OO\Hubs backup\hubs.mozilla.com\info@oasis.art\rooms\SWsC9ux\objects.gltf... 
[2024-05-07 17:01:34.924] [info]  Success
[2024-05-07 17:01:34.974] [info]  Success
[2024-05-07 17:01:35.029] [info]  Downloading https://hubs.mozilla.com/bCu3RPV/objects.gltf => C:\Users\lenad\Desktop\OO\Hubs backup\hubs.mozilla.com\info@oasis.art\rooms\bCu3RPV\objects.gltf... 
[2024-05-07 17:01:35.038] [info]  Success
[2024-05-07 17:01:35.102] [info]  Downloading https://uploads-prod.reticulum.io/files/64662624-7eed-4c29-9c2f-820659fbb827.bin => C:\Users\lenad\Desktop\OO\Hubs backup\hubs.mozilla.com\info@oasis.art\spoke\zou25Nv\64662624-7eed-4c29-9c2f-820659fbb827.bin... 
[2024-05-07 17:01:35.157] [info]  Downloading https://hubs.mozilla.com/vfkj2ii/objects.gltf => C:\Users\lenad\Desktop\OO\Hubs backup\hubs.mozilla.com\info@oasis.art\rooms\vfkj2ii\objects.gltf... 
[2024-05-07 17:01:35.168] [info]  Success
[2024-05-07 17:01:35.344] [info]  Success
[2024-05-07 17:01:35.469] [info]  Downloading https://hubs.mozilla.com/6XtR9aM/objects.gltf => C:\Users\lenad\Desktop\OO\Hubs backup\hubs.mozilla.com\info@oasis.art\rooms\6XtR9aM\objects.gltf... 
[2024-05-07 17:01:35.479] [info]  Success
[2024-05-07 17:01:35.494] [info]  Downloading https://uploads-prod.reticulum.io/files/5039316a-9297-4182-994a-d99fb21c864b.png => C:\Users\lenad\Desktop\OO\Hubs backup\hubs.mozilla.com\info@oasis.art\avatars\fDapU3E\5039316a-9297-4182-994a-d99fb21c864b.png... 
[2024-05-07 17:01:35.536] [info]  Downloading https://uploads-prod.reticulum.io/files/2c2ff18b-b0c8-4778-8296-9f5ad2e7cdc7.jpg => C:\Users\lenad\Desktop\OO\Hubs backup\hubs.mozilla.com\info@oasis.art\spoke\yPkePuV\2c2ff18b-b0c8-4778-8296-9f5ad2e7cdc7.jpg... 
[2024-05-07 17:01:35.540] [info]  Downloading https://uploads-prod.reticulum.io/files/1d90fd2d-bb24-41fa-9692-9751adbd567f.json => C:\Users\lenad\Desktop\OO\Hubs backup\hubs.mozilla.com\info@oasis.art\spoke\2wHJJpP\1d90fd2d-bb24-41fa-9692-9751adbd567f.json... 
[2024-05-07 17:01:35.558] [info]  Success
[2024-05-07 17:01:35.624] [info]  Downloading https://hubs.mozilla.com/WqXN2kU/objects.gltf => C:\Users\lenad\Desktop\OO\Hubs backup\hubs.mozilla.com\info@oasis.art\rooms\WqXN2kU\objects.gltf... 
[2024-05-07 17:01:35.629] [info]  Success
[2024-05-07 17:01:35.664] [info]  Downloading https://uploads-prod.reticulum.io/files/c3fb78f4-0de5-4d17-bc53-9c036a24e7c4.jpg => C:\Users\lenad\Desktop\OO\Hubs backup\hubs.mozilla.com\info@oasis.art\spoke\2wHJJpP\c3fb78f4-0de5-4d17-bc53-9c036a24e7c4.jpg... 
[2024-05-07 17:01:35.667] [info]  Success
[2024-05-07 17:01:35.723] [info]  Success
[2024-05-07 17:01:35.747] [info]  Downloading https://hubs.mozilla.com/y929LXH/objects.gltf => C:\Users\lenad\Desktop\OO\Hubs backup\hubs.mozilla.com\info@oasis.art\rooms\y929LXH\objects.gltf... 
[2024-05-07 17:01:35.764] [info]  Success
[2024-05-07 17:01:35.798] [info]  Success
[2024-05-07 17:01:35.841] [info]  Downloading https://uploads-prod.reticulum.io/files/a40fba66-355b-4f6f-9973-b652e2e13790.bin => C:\Users\lenad\Desktop\OO\Hubs backup\hubs.mozilla.com\info@oasis.art\spoke\2wHJJpP\a40fba66-355b-4f6f-9973-b652e2e13790.bin... 
[2024-05-07 17:01:35.868] [info]  Downloading https://hubs.mozilla.com/deqjNuP/objects.gltf => C:\Users\lenad\Desktop\OO\Hubs backup\hubs.mozilla.com\info@oasis.art\rooms\deqjNuP\objects.gltf... 
[2024-05-07 17:01:35.874] [info]  Success
[2024-05-07 17:01:36.024] [info]  Downloading https://hubs.mozilla.com/ivdj4Ln/objects.gltf => C:\Users\lenad\Desktop\OO\Hubs backup\hubs.mozilla.com\info@oasis.art\rooms\ivdj4Ln\objects.gltf... 
[2024-05-07 17:01:36.041] [info]  Success
[2024-05-07 17:01:36.062] [info]  Downloading https://uploads-prod.reticulum.io/files/015740d5-4aa3-4644-b67b-85080b4a46f8.json => C:\Users\lenad\Desktop\OO\Hubs backup\hubs.mozilla.com\info@oasis.art\spoke\gH5suw4\015740d5-4aa3-4644-b67b-85080b4a46f8.json... 
[2024-05-07 17:01:36.075] [info]  Success
[2024-05-07 17:01:36.086] [info]  Success
[2024-05-07 17:01:36.107] [info]  Downloading https://hubs.mozilla.com/api/v1/avatars/fDapU3E/avatar.gltf?v=63811957658 => C:\Users\lenad\Desktop\OO\Hubs backup\hubs.mozilla.com\info@oasis.art\avatars\fDapU3E\avatar.gltf... 
[2024-05-07 17:01:36.171] [info]  Downloading https://hubs.mozilla.com/asfoLUf/objects.gltf => C:\Users\lenad\Desktop\OO\Hubs backup\hubs.mozilla.com\info@oasis.art\rooms\asfoLUf\objects.gltf... 
[2024-05-07 17:01:36.189] [info]  Success
[2024-05-07 17:01:36.233] [info]  Downloading https://uploads-prod.reticulum.io/files/572f22d7-2aa2-46ff-9b5c-69ab3580e818.jpg => C:\Users\lenad\Desktop\OO\Hubs backup\hubs.mozilla.com\info@oasis.art\spoke\gH5suw4\572f22d7-2aa2-46ff-9b5c-69ab3580e818.jpg... 
[2024-05-07 17:01:36.239] [info]  Downloading https://uploads-prod.reticulum.io/files/9c6850bf-b9ff-43d8-bc04-d3daf4898b4e.png => C:\Users\lenad\Desktop\OO\Hubs backup\hubs.mozilla.com\info@oasis.art\media\9c6850bf-b9ff-43d8-bc04-d3daf4898b4e.png... 
[2024-05-07 17:01:36.256] [info]  Success
[2024-05-07 17:01:36.367] [info]  Downloading https://uploads-prod.reticulum.io/files/353a2542-c87d-4da5-9a84-67b5a91807a1.bin => C:\Users\lenad\Desktop\OO\Hubs backup\hubs.mozilla.com\info@oasis.art\spoke\gH5suw4\353a2542-c87d-4da5-9a84-67b5a91807a1.bin... 
[2024-05-07 17:01:36.487] [info]  Success
[2024-05-07 17:01:36.498] [info]  Success
[2024-05-07 17:01:36.615] [info]  Downloading https://uploads-prod.reticulum.io/files/a7f90d22-5eac-4148-aed6-ad5594306377.json => C:\Users\lenad\Desktop\OO\Hubs backup\hubs.mozilla.com\info@oasis.art\spoke\XCcvHo6\a7f90d22-5eac-4148-aed6-ad5594306377.json... 
[2024-05-07 17:01:36.626] [info]  Success
[2024-05-07 17:01:36.640] [info]  Downloading https://uploads-prod.reticulum.io/files/908ed2d8-bb7c-4666-a518-62e94e74e0ea.mp4 => C:\Users\lenad\Desktop\OO\Hubs backup\hubs.mozilla.com\info@oasis.art\media\908ed2d8-bb7c-4666-a518-62e94e74e0ea.mp4... 
[2024-05-07 17:01:36.848] [info]  Downloading https://uploads-prod.reticulum.io/files/bf586c07-d853-406d-819d-8e8ee28cb7d6.jpg => C:\Users\lenad\Desktop\OO\Hubs backup\hubs.mozilla.com\info@oasis.art\spoke\XCcvHo6\bf586c07-d853-406d-819d-8e8ee28cb7d6.jpg... 
[2024-05-07 17:01:36.869] [info]  Success
[2024-05-07 17:01:36.970] [info]  Downloading https://hubs.mozilla.com/api/v1/avatars/fDapU3E/base.gltf?v=63811957658 => C:\Users\lenad\Desktop\OO\Hubs backup\hubs.mozilla.com\info@oasis.art\avatars\fDapU3E\base.gltf... 
[2024-05-07 17:01:37.123] [info]  Downloading https://uploads-prod.reticulum.io/files/3ba7f616-3f30-408d-9adc-745f35888489.bin => C:\Users\lenad\Desktop\OO\Hubs backup\hubs.mozilla.com\info@oasis.art\spoke\XCcvHo6\3ba7f616-3f30-408d-9adc-745f35888489.bin... 
[2024-05-07 17:01:37.402] [info]  Success
[2024-05-07 17:01:37.604] [info]  Downloading http://andrescolubri.net/tmp/Ko_Hui.webm => C:\Users\lenad\Desktop\OO\Hubs backup\hubs.mozilla.com\info@oasis.art\rooms\asfoLUf\Ko_Hui.webm... 
[2024-05-07 17:01:37.630] [info]  Success
[2024-05-07 17:01:37.676] [info]  Downloading https://uploads-prod.reticulum.io/files/a85f38a0-0305-44c2-9d21-2c033e881659.json => C:\Users\lenad\Desktop\OO\Hubs backup\hubs.mozilla.com\info@oasis.art\spoke\WfYixm9\a85f38a0-0305-44c2-9d21-2c033e881659.json... 
[2024-05-07 17:01:37.693] [info]  Success
[2024-05-07 17:01:37.764] [info]  Downloading https://hubs.mozilla.com/B2uVAad/objects.gltf => C:\Users\lenad\Desktop\OO\Hubs backup\hubs.mozilla.com\info@oasis.art\rooms\B2uVAad\objects.gltf... 
[2024-05-07 17:01:37.777] [info]  Success
[2024-05-07 17:01:37.799] [info]  Success
[2024-05-07 17:01:37.817] [info]  Downloading https://uploads-prod.reticulum.io/files/3a25b6f5-d50a-4e75-9280-f690d3380c75.jpg => C:\Users\lenad\Desktop\OO\Hubs backup\hubs.mozilla.com\info@oasis.art\spoke\WfYixm9\3a25b6f5-d50a-4e75-9280-f690d3380c75.jpg... 
[2024-05-07 17:01:37.967] [info]  Success
[2024-05-07 17:01:38.054] [info]  Downloading https://hubs.mozilla.com/N94fX9w/objects.gltf => C:\Users\lenad\Desktop\OO\Hubs backup\hubs.mozilla.com\info@oasis.art\rooms\N94fX9w\objects.gltf... 
[2024-05-07 17:01:38.061] [info]  Downloading https://uploads-prod.reticulum.io/files/10524512-eed9-451e-8024-23f57488e125.jpg => C:\Users\lenad\Desktop\OO\Hubs backup\hubs.mozilla.com\info@oasis.art\spoke\dTiFLhP\10524512-eed9-451e-8024-23f57488e125.jpg... 
[2024-05-07 17:01:38.064] [info]  Success
[2024-05-07 17:01:38.081] [info]  Downloading https://uploads-prod.reticulum.io/files/504f4947-c11e-4702-992b-578b88a2b7ce.png => C:\Users\lenad\Desktop\OO\Hubs backup\hubs.mozilla.com\info@oasis.art\avatars\MgUWABn\504f4947-c11e-4702-992b-578b88a2b7ce.png... 
[2024-05-07 17:01:38.134] [info]  Downloading https://uploads-prod.reticulum.io/files/d110d2da-a389-4f32-8afd-06eff7831282.jpg => C:\Users\lenad\Desktop\OO\Hubs backup\hubs.mozilla.com\info@oasis.art\spoke\gH5suw4\d110d2da-a389-4f32-8afd-06eff7831282.jpg... 
[2024-05-07 17:01:38.149] [info]  Success
[2024-05-07 17:01:38.175] [info]  Success
[2024-05-07 17:01:38.220] [info]  Downloading https://hubs.mozilla.com/EXgTtpk/objects.gltf => C:\Users\lenad\Desktop\OO\Hubs backup\hubs.mozilla.com\info@oasis.art\rooms\EXgTtpk\objects.gltf... 
[2024-05-07 17:01:38.229] [info]  Success
[2024-05-07 17:01:38.231] [info]  Success
[2024-05-07 17:01:38.264] [info]  Success
[2024-05-07 17:01:38.281] [info]  Downloading https://uploads-prod.reticulum.io/files/5fadee9c-943a-4dcc-a70d-a3ecf5fd724f.bin => C:\Users\lenad\Desktop\OO\Hubs backup\hubs.mozilla.com\info@oasis.art\spoke\WfYixm9\5fadee9c-943a-4dcc-a70d-a3ecf5fd724f.bin... 
[2024-05-07 17:01:38.326] [info]  Downloading https://hubs.mozilla.com/hkMn8Ap/objects.gltf => C:\Users\lenad\Desktop\OO\Hubs backup\hubs.mozilla.com\info@oasis.art\rooms\hkMn8Ap\objects.gltf... 
[2024-05-07 17:01:38.330] [info]  Success
[2024-05-07 17:01:38.334] [info]  Success
[2024-05-07 17:01:38.369] [info]  Downloading https://uploads-prod.reticulum.io/files/e8d98176-2d16-4a0b-8307-6c2b0fef3f5a.jpg => C:\Users\lenad\Desktop\OO\Hubs backup\hubs.mozilla.com\info@oasis.art\spoke\zou25Nv\e8d98176-2d16-4a0b-8307-6c2b0fef3f5a.jpg... 
[2024-05-07 17:01:38.436] [info]  Downloading https://uploads-prod.reticulum.io/files/35cb22a8-329c-45c4-ae2e-78dc93fd2c33.json => C:\Users\lenad\Desktop\OO\Hubs backup\hubs.mozilla.com\info@oasis.art\spoke\XXM9n2e\35cb22a8-329c-45c4-ae2e-78dc93fd2c33.json... 
[2024-05-07 17:01:38.449] [info]  Downloading https://hubs.mozilla.com/api/v1/avatars/MgUWABn/avatar.gltf?v=63811957341 => C:\Users\lenad\Desktop\OO\Hubs backup\hubs.mozilla.com\info@oasis.art\avatars\MgUWABn\avatar.gltf... 
[2024-05-07 17:01:38.453] [info]  Success
[2024-05-07 17:01:38.463] [info]  Success
[2024-05-07 17:01:38.504] [info]  Downloading https://hubs.mozilla.com/D7Sfebx/objects.gltf => C:\Users\lenad\Desktop\OO\Hubs backup\hubs.mozilla.com\info@oasis.art\rooms\D7Sfebx\objects.gltf... 
[2024-05-07 17:01:38.515] [info]  Success
[2024-05-07 17:01:38.549] [info]  Success
[2024-05-07 17:01:38.594] [info]  Downloading https://uploads-prod.reticulum.io/files/2b723db2-0fc7-483f-9536-fcd871eda129.jpg => C:\Users\lenad\Desktop\OO\Hubs backup\hubs.mozilla.com\info@oasis.art\spoke\XXM9n2e\2b723db2-0fc7-483f-9536-fcd871eda129.jpg... 
[2024-05-07 17:01:38.607] [info]  Downloading https://hubs.mozilla.com/FCvuUqe/objects.gltf => C:\Users\lenad\Desktop\OO\Hubs backup\hubs.mozilla.com\info@oasis.art\rooms\FCvuUqe\objects.gltf... 
[2024-05-07 17:01:38.618] [info]  Success
[2024-05-07 17:01:38.627] [info]  Downloading https://hubs.mozilla.com/api/v1/avatars/MgUWABn/base.gltf?v=63811957341 => C:\Users\lenad\Desktop\OO\Hubs backup\hubs.mozilla.com\info@oasis.art\avatars\MgUWABn\base.gltf... 
[2024-05-07 17:01:38.632] [info]  Success
[2024-05-07 17:01:38.646] [info]  Success
[2024-05-07 17:01:38.687] [info]  Downloading https://uploads-prod.reticulum.io/files/8db07f69-6691-40f0-b56a-75cf8037d900.jpg => C:\Users\lenad\Desktop\OO\Hubs backup\hubs.mozilla.com\info@oasis.art\spoke\P7BTgyW\8db07f69-6691-40f0-b56a-75cf8037d900.jpg... 
[2024-05-07 17:01:38.716] [info]  Downloading https://hubs.mozilla.com/waaV8qi/objects.gltf => C:\Users\lenad\Desktop\OO\Hubs backup\hubs.mozilla.com\info@oasis.art\rooms\waaV8qi\objects.gltf... 
[2024-05-07 17:01:38.723] [info]  Success
[2024-05-07 17:01:38.727] [info]  Downloading https://uploads-prod.reticulum.io/files/98a8323a-5ec7-4193-ab50-fd5b4066236a.bin => C:\Users\lenad\Desktop\OO\Hubs backup\hubs.mozilla.com\info@oasis.art\spoke\XXM9n2e\98a8323a-5ec7-4193-ab50-fd5b4066236a.bin... 
[2024-05-07 17:01:38.735] [info]  Success
[2024-05-07 17:01:38.815] [info]  Success
[2024-05-07 17:01:38.853] [info]  Downloading https://hubs.mozilla.com/ChSzdHU/objects.gltf => C:\Users\lenad\Desktop\OO\Hubs backup\hubs.mozilla.com\info@oasis.art\rooms\ChSzdHU\objects.gltf... 
[2024-05-07 17:01:38.857] [info]  Downloading https://uploads-prod.reticulum.io/files/db911caa-c929-4b8e-968a-89aadf24e1a8.json => C:\Users\lenad\Desktop\OO\Hubs backup\hubs.mozilla.com\info@oasis.art\spoke\LY4gAbo\db911caa-c929-4b8e-968a-89aadf24e1a8.json... 
[2024-05-07 17:01:38.869] [info]  Success
[2024-05-07 17:01:38.882] [info]  Success
[2024-05-07 17:01:38.889] [info]  Downloading https://uploads-prod.reticulum.io/files/a1492354-d6b1-4542-a89f-dfddf25384f5.png => C:\Users\lenad\Desktop\OO\Hubs backup\hubs.mozilla.com\info@oasis.art\avatars\LS2jwEA\a1492354-d6b1-4542-a89f-dfddf25384f5.png... 
[2024-05-07 17:01:38.966] [info]  Downloading https://hubs.mozilla.com/PL6bonG/objects.gltf => C:\Users\lenad\Desktop\OO\Hubs backup\hubs.mozilla.com\info@oasis.art\rooms\PL6bonG\objects.gltf... 
[2024-05-07 17:01:38.975] [info]  Success
[2024-05-07 17:01:38.990] [info]  Downloading https://uploads-prod.reticulum.io/files/e32ad71e-1ce7-47c6-8513-32d869cf0812.jpg => C:\Users\lenad\Desktop\OO\Hubs backup\hubs.mozilla.com\info@oasis.art\spoke\LY4gAbo\e32ad71e-1ce7-47c6-8513-32d869cf0812.jpg... 
[2024-05-07 17:01:39.016] [info]  Success
[2024-05-07 17:01:39.031] [info]  Success
[2024-05-07 17:01:39.126] [info]  Downloading https://hubs.mozilla.com/DwJCt2D/objects.gltf => C:\Users\lenad\Desktop\OO\Hubs backup\hubs.mozilla.com\info@oasis.art\rooms\DwJCt2D\objects.gltf... 
[2024-05-07 17:01:39.129] [info]  Downloading https://uploads-prod.reticulum.io/files/b8f7f72c-e134-4d92-972d-86c7a10366fc.bin => C:\Users\lenad\Desktop\OO\Hubs backup\hubs.mozilla.com\info@oasis.art\spoke\LY4gAbo\b8f7f72c-e134-4d92-972d-86c7a10366fc.bin... 
[2024-05-07 17:01:39.138] [info]  Downloading https://hubs.mozilla.com/api/v1/avatars/LS2jwEA/avatar.gltf?v=63811957019 => C:\Users\lenad\Desktop\OO\Hubs backup\hubs.mozilla.com\info@oasis.art\avatars\LS2jwEA\avatar.gltf... 
[2024-05-07 17:01:39.145] [info]  Success
[2024-05-07 17:01:39.337] [info]  Success
[2024-05-07 17:01:39.663] [info]  Downloading https://hubs.mozilla.com/api/v1/avatars/LS2jwEA/base.gltf?v=63811957019 => C:\Users\lenad\Desktop\OO\Hubs backup\hubs.mozilla.com\info@oasis.art\avatars\LS2jwEA\base.gltf... 
[2024-05-07 17:01:39.678] [info]  Success
[2024-05-07 17:01:39.915] [info]  Downloading https://hubs.mozilla.com/zste9y4/objects.gltf => C:\Users\lenad\Desktop\OO\Hubs backup\hubs.mozilla.com\info@oasis.art\rooms\zste9y4\objects.gltf... 
[2024-05-07 17:01:39.934] [info]  Success
[2024-05-07 17:01:39.996] [info]  Downloading https://uploads-prod.reticulum.io/files/ea8d4807-9430-4678-96be-ab3ede3b44f8.json => C:\Users\lenad\Desktop\OO\Hubs backup\hubs.mozilla.com\info@oasis.art\spoke\Ghw7kLJ\ea8d4807-9430-4678-96be-ab3ede3b44f8.json... 
[2024-05-07 17:01:40.022] [info]  Success
[2024-05-07 17:01:40.116] [info]  Downloading https://uploads-prod.reticulum.io/files/323171da-1866-49f5-8678-8adde1cda7b8.png => C:\Users\lenad\Desktop\OO\Hubs backup\hubs.mozilla.com\info@oasis.art\avatars\XoMKg8E\323171da-1866-49f5-8678-8adde1cda7b8.png... 
[2024-05-07 17:01:40.128] [info]  Downloading https://andrescolubri.net/tmp/Sirens_preres4444_1.webm => C:\Users\lenad\Desktop\OO\Hubs backup\hubs.mozilla.com\info@oasis.art\rooms\zste9y4\Sirens_preres4444_1.webm... 
[2024-05-07 17:01:40.135] [info]  Downloading https://uploads-prod.reticulum.io/files/26712695-7f47-4f10-a60f-6a0204dbbb5c.jpg => C:\Users\lenad\Desktop\OO\Hubs backup\hubs.mozilla.com\info@oasis.art\spoke\Ghw7kLJ\26712695-7f47-4f10-a60f-6a0204dbbb5c.jpg... 
[2024-05-07 17:01:40.148] [info]  Success
[2024-05-07 17:01:40.167] [info]  Success
[2024-05-07 17:01:40.224] [info]  Success
[2024-05-07 17:01:40.262] [info]  Downloading https://andrescolubri.net/tmp/Sirens_preres4444_2.webm => C:\Users\lenad\Desktop\OO\Hubs backup\hubs.mozilla.com\info@oasis.art\rooms\zste9y4\Sirens_preres4444_2.webm... 
[2024-05-07 17:01:40.271] [info]  Success
[2024-05-07 17:01:40.284] [info]  Downloading https://uploads-prod.reticulum.io/files/561c6734-2fa3-47a6-85fb-5bf98b36c13f.jpg => C:\Users\lenad\Desktop\OO\Hubs backup\hubs.mozilla.com\info@oasis.art\spoke\2wHJJpP\561c6734-2fa3-47a6-85fb-5bf98b36c13f.jpg... 
[2024-05-07 17:01:40.322] [info]  Downloading https://uploads-prod.reticulum.io/files/db0ca2b5-bb54-4cde-8e77-96f86ff5cdbb.bin => C:\Users\lenad\Desktop\OO\Hubs backup\hubs.mozilla.com\info@oasis.art\spoke\Ghw7kLJ\db0ca2b5-bb54-4cde-8e77-96f86ff5cdbb.bin... 
[2024-05-07 17:01:40.380] [info]  Downloading https://andrescolubri.net/tmp/Sirens_preres4444_3.webm => C:\Users\lenad\Desktop\OO\Hubs backup\hubs.mozilla.com\info@oasis.art\rooms\zste9y4\Sirens_preres4444_3.webm... 
[2024-05-07 17:01:40.389] [info]  Success
[2024-05-07 17:01:40.398] [info]  Success
[2024-05-07 17:01:40.442] [info]  Success
[2024-05-07 17:01:40.544] [info]  Downloading https://uploads-prod.reticulum.io/files/94d7b351-abfd-4183-9843-feb171a56cad.json => C:\Users\lenad\Desktop\OO\Hubs backup\hubs.mozilla.com\info@oasis.art\spoke\FyynyFs\94d7b351-abfd-4183-9843-feb171a56cad.json... 
[2024-05-07 17:01:40.569] [info]  Success
[2024-05-07 17:01:40.733] [info]  Downloading https://andrescolubri.net/tmp/Sirens_preres4444_4.webm => C:\Users\lenad\Desktop\OO\Hubs backup\hubs.mozilla.com\info@oasis.art\rooms\zste9y4\Sirens_preres4444_4.webm... 
[2024-05-07 17:01:40.746] [info]  Success
[2024-05-07 17:01:40.749] [info]  Downloading https://hubs.mozilla.com/api/v1/avatars/XoMKg8E/avatar.gltf?v=63811957011 => C:\Users\lenad\Desktop\OO\Hubs backup\hubs.mozilla.com\info@oasis.art\avatars\XoMKg8E\avatar.gltf... 
[2024-05-07 17:01:40.831] [info]  Downloading https://uploads-prod.reticulum.io/files/3ee5e7df-1e7f-462d-a258-13c9db7fd636.jpg => C:\Users\lenad\Desktop\OO\Hubs backup\hubs.mozilla.com\info@oasis.art\spoke\FyynyFs\3ee5e7df-1e7f-462d-a258-13c9db7fd636.jpg... 
[2024-05-07 17:01:41.023] [info]  Downloading https://andrescolubri.net/tmp/Sirens_preres4444_5.webm => C:\Users\lenad\Desktop\OO\Hubs backup\hubs.mozilla.com\info@oasis.art\rooms\zste9y4\Sirens_preres4444_5.webm... 
[2024-05-07 17:01:41.048] [info]  Success
[2024-05-07 17:01:41.134] [info]  Success
[2024-05-07 17:01:41.273] [info]  Downloading https://hubs.mozilla.com/HgJiViY/objects.gltf => C:\Users\lenad\Desktop\OO\Hubs backup\hubs.mozilla.com\info@oasis.art\rooms\HgJiViY\objects.gltf... 
[2024-05-07 17:01:41.294] [info]  Success
[2024-05-07 17:01:41.475] [info]  Downloading https://uploads-prod.reticulum.io/files/c0965a01-e1d9-4776-ad88-70dede8a5204.bin => C:\Users\lenad\Desktop\OO\Hubs backup\hubs.mozilla.com\info@oasis.art\spoke\FyynyFs\c0965a01-e1d9-4776-ad88-70dede8a5204.bin... 
[2024-05-07 17:01:41.494] [info]  Success
[2024-05-07 17:01:41.583] [info]  Downloading https://andrescolubri.net/tmp/test2-web-vimeo-720p-defs.webm => C:\Users\lenad\Desktop\OO\Hubs backup\hubs.mozilla.com\info@oasis.art\rooms\HgJiViY\test2-web-vimeo-720p-defs.webm... 
[2024-05-07 17:01:41.601] [info]  Success
[2024-05-07 17:01:41.642] [info]  Downloading https://uploads-prod.reticulum.io/files/4f40aaec-a95d-4ce5-8ff7-76756e4b3fd1.json => C:\Users\lenad\Desktop\OO\Hubs backup\hubs.mozilla.com\info@oasis.art\spoke\bMmSYmi\4f40aaec-a95d-4ce5-8ff7-76756e4b3fd1.json... 
[2024-05-07 17:01:41.661] [info]  Downloading https://hubs.mozilla.com/api/v1/avatars/XoMKg8E/base.gltf?v=63811957011 => C:\Users\lenad\Desktop\OO\Hubs backup\hubs.mozilla.com\info@oasis.art\avatars\XoMKg8E\base.gltf... 
[2024-05-07 17:01:41.678] [info]  Success
[2024-05-07 17:01:41.699] [info]  Downloading https://andrescolubri.net/tmp/test1-web-vimeo-720p-defs.webm => C:\Users\lenad\Desktop\OO\Hubs backup\hubs.mozilla.com\info@oasis.art\rooms\HgJiViY\test1-web-vimeo-720p-defs.webm... 
[2024-05-07 17:01:41.714] [info]  Success
[2024-05-07 17:01:41.771] [info]  Downloading https://uploads-prod.reticulum.io/files/b0b994e2-786a-4a60-a94c-6c0001db72d4.jpg => C:\Users\lenad\Desktop\OO\Hubs backup\hubs.mozilla.com\info@oasis.art\spoke\bMmSYmi\b0b994e2-786a-4a60-a94c-6c0001db72d4.jpg... 
[2024-05-07 17:01:41.801] [info]  Success
[2024-05-07 17:01:41.816] [info]  Success
[2024-05-07 17:01:41.878] [info]  Downloading https://andrescolubri.net/tmp/test3-web-vimeo-720p-defs.webm => C:\Users\lenad\Desktop\OO\Hubs backup\hubs.mozilla.com\info@oasis.art\rooms\HgJiViY\test3-web-vimeo-720p-defs.webm... 
[2024-05-07 17:01:41.894] [info]  Success
[2024-05-07 17:01:41.902] [info]  Success
[2024-05-07 17:01:41.934] [info]  Downloading https://uploads-prod.reticulum.io/files/f1adaf03-084d-46cb-a0b1-39e3f8e08f1e.bin => C:\Users\lenad\Desktop\OO\Hubs backup\hubs.mozilla.com\info@oasis.art\spoke\bMmSYmi\f1adaf03-084d-46cb-a0b1-39e3f8e08f1e.bin... 
[2024-05-07 17:01:42.010] [info]  Downloading https://andrescolubri.net/tmp/test4-web-vimeo-720p-defs.webm => C:\Users\lenad\Desktop\OO\Hubs backup\hubs.mozilla.com\info@oasis.art\rooms\HgJiViY\test4-web-vimeo-720p-defs.webm... 
[2024-05-07 17:01:42.015] [info]  Downloading https://uploads-prod.reticulum.io/files/6ba50cb8-7e56-4d12-b454-2b15d271364a.png => C:\Users\lenad\Desktop\OO\Hubs backup\hubs.mozilla.com\info@oasis.art\blender\YLZ6yzX\6ba50cb8-7e56-4d12-b454-2b15d271364a.png... 
[2024-05-07 17:01:42.047] [info]  Success
[2024-05-07 17:01:42.091] [info]  Success
[2024-05-07 17:01:42.203] [info]  Downloading https://uploads-prod.reticulum.io/files/e5def050-0bcb-4ca7-8fff-009cd780276b.json => C:\Users\lenad\Desktop\OO\Hubs backup\hubs.mozilla.com\info@oasis.art\spoke\3vnRQVh\e5def050-0bcb-4ca7-8fff-009cd780276b.json... 
[2024-05-07 17:01:42.247] [info]  Downloading https://andrescolubri.net/tmp/test5-v2-web-vimeo-720p-defs.webm => C:\Users\lenad\Desktop\OO\Hubs backup\hubs.mozilla.com\info@oasis.art\rooms\HgJiViY\test5-v2-web-vimeo-720p-defs.webm... 
[2024-05-07 17:01:42.251] [info]  Success
[2024-05-07 17:01:42.285] [info]  Success
[2024-05-07 17:01:42.299] [info]  Downloading https://uploads-prod.reticulum.io/files/09a68d8c-96f1-4689-9687-20d740e0d1e9.png => C:\Users\lenad\Desktop\OO\Hubs backup\hubs.mozilla.com\info@oasis.art\avatars\cUfAGHR\09a68d8c-96f1-4689-9687-20d740e0d1e9.png... 
[2024-05-07 17:01:42.350] [info]  Success
[2024-05-07 17:01:42.434] [info]  Downloading https://uploads-prod.reticulum.io/files/05db17f1-1a2e-41a6-ae81-9f08760585cf.jpg => C:\Users\lenad\Desktop\OO\Hubs backup\hubs.mozilla.com\info@oasis.art\spoke\3vnRQVh\05db17f1-1a2e-41a6-ae81-9f08760585cf.jpg... 
[2024-05-07 17:01:42.455] [info]  Downloading https://hubs.mozilla.com/atdZHRy/objects.gltf => C:\Users\lenad\Desktop\OO\Hubs backup\hubs.mozilla.com\info@oasis.art\rooms\atdZHRy\objects.gltf... 
[2024-05-07 17:01:42.485] [info]  Success
[2024-05-07 17:01:42.506] [info]  Downloading https://hubs.mozilla.com/api/v1/avatars/cUfAGHR/avatar.gltf?v=63811957001 => C:\Users\lenad\Desktop\OO\Hubs backup\hubs.mozilla.com\info@oasis.art\avatars\cUfAGHR\avatar.gltf... 
[2024-05-07 17:01:42.550] [info]  Downloading https://uploads-prod.reticulum.io/files/bedd7e21-b9a6-4105-bd39-5179e0ba783d.jpg => C:\Users\lenad\Desktop\OO\Hubs backup\hubs.mozilla.com\info@oasis.art\spoke\WfYixm9\bedd7e21-b9a6-4105-bd39-5179e0ba783d.jpg... 
[2024-05-07 17:01:42.600] [info]  Downloading https://hubs.mozilla.com/uqH3ggS/objects.gltf => C:\Users\lenad\Desktop\OO\Hubs backup\hubs.mozilla.com\info@oasis.art\rooms\uqH3ggS\objects.gltf... 
[2024-05-07 17:01:42.610] [info]  Success
[2024-05-07 17:01:42.669] [info]  Success
[2024-05-07 17:01:42.710] [info]  Success
[2024-05-07 17:01:42.773] [info]  Downloading https://hubs.mozilla.com/MxDQCTb/objects.gltf => C:\Users\lenad\Desktop\OO\Hubs backup\hubs.mozilla.com\info@oasis.art\rooms\MxDQCTb\objects.gltf... 
[2024-05-07 17:01:42.788] [info]  Success
[2024-05-07 17:01:42.833] [info]  Downloading https://uploads-prod.reticulum.io/files/fa68fa37-8832-42ee-906b-2f4764dd64ad.bin => C:\Users\lenad\Desktop\OO\Hubs backup\hubs.mozilla.com\info@oasis.art\spoke\3vnRQVh\fa68fa37-8832-42ee-906b-2f4764dd64ad.bin... 
[2024-05-07 17:01:42.902] [info]  Downloading https://hubs.mozilla.com/api/v1/avatars/cUfAGHR/base.gltf?v=63811957001 => C:\Users\lenad\Desktop\OO\Hubs backup\hubs.mozilla.com\info@oasis.art\avatars\cUfAGHR\base.gltf... 
[2024-05-07 17:01:42.937] [info]  Success
[2024-05-07 17:01:43.074] [info]  Downloading https://hubs.mozilla.com/H5obdCB/objects.gltf => C:\Users\lenad\Desktop\OO\Hubs backup\hubs.mozilla.com\info@oasis.art\rooms\H5obdCB\objects.gltf... 
[2024-05-07 17:01:43.106] [info]  Success
[2024-05-07 17:01:43.208] [info]  Downloading https://hubs.mozilla.com/QrLRXWF/objects.gltf => C:\Users\lenad\Desktop\OO\Hubs backup\hubs.mozilla.com\info@oasis.art\rooms\QrLRXWF\objects.gltf... 
[2024-05-07 17:01:43.238] [info]  Success
[2024-05-07 17:01:43.354] [error] Media https://hubs.mozilla.com/FBhqaQK/colabo-outdoors-meeting-space/ is not a valid downloadable media, skipping
[2024-05-07 17:01:43.375] [info]  Downloading https://uploads-prod.reticulum.io/files/813dbf7e-fd0b-43fd-924b-8aac6fadc049.json => C:\Users\lenad\Desktop\OO\Hubs backup\hubs.mozilla.com\info@oasis.art\spoke\AgnQcBi\813dbf7e-fd0b-43fd-924b-8aac6fadc049.json... 
[2024-05-07 17:01:43.402] [info]  Success
[2024-05-07 17:01:43.450] [info]  Downloading https://hubs.mozilla.com/FBhqaQK/objects.gltf => C:\Users\lenad\Desktop\OO\Hubs backup\hubs.mozilla.com\info@oasis.art\rooms\FBhqaQK\objects.gltf... 
[2024-05-07 17:01:43.477] [info]  Success
[2024-05-07 17:01:43.532] [info]  Downloading https://uploads-prod.reticulum.io/files/587a171d-4444-43d5-a6fb-4b0f5d806c2d.jpg => C:\Users\lenad\Desktop\OO\Hubs backup\hubs.mozilla.com\info@oasis.art\spoke\AgnQcBi\587a171d-4444-43d5-a6fb-4b0f5d806c2d.jpg... 
[2024-05-07 17:01:43.547] [info]  Downloading https://uploads-prod.reticulum.io/files/e3a17728-4fd0-4160-835b-baa429860546.png => C:\Users\lenad\Desktop\OO\Hubs backup\hubs.mozilla.com\info@oasis.art\avatars\bR6MFff\e3a17728-4fd0-4160-835b-baa429860546.png... 
[2024-05-07 17:01:43.602] [info]  Downloading https://hubs.mozilla.com/QrLRXWF/colabo-indoors-theater-hall => C:\Users\lenad\Desktop\OO\Hubs backup\hubs.mozilla.com\info@oasis.art\rooms\FBhqaQK\colabo-indoors-theater-hall... 
[2024-05-07 17:01:43.608] [info]  Success
[2024-05-07 17:01:43.636] [info]  Success
[2024-05-07 17:01:43.708] [info]  Success
[2024-05-07 17:01:43.732] [info]  Downloading https://hubs.mozilla.com/api/v1/avatars/bR6MFff/avatar.gltf?v=63811956992 => C:\Users\lenad\Desktop\OO\Hubs backup\hubs.mozilla.com\info@oasis.art\avatars\bR6MFff\avatar.gltf... 
[2024-05-07 17:01:43.767] [info]  Downloading https://uploads-prod.reticulum.io/files/210bf81d-989c-4ae4-8eb5-a9e644f6e906.bin => C:\Users\lenad\Desktop\OO\Hubs backup\hubs.mozilla.com\info@oasis.art\spoke\AgnQcBi\210bf81d-989c-4ae4-8eb5-a9e644f6e906.bin... 
[2024-05-07 17:01:43.797] [info]  Success
[2024-05-07 17:01:43.871] [info]  Downloading https://hubs.mozilla.com/wd6ZPsF/objects.gltf => C:\Users\lenad\Desktop\OO\Hubs backup\hubs.mozilla.com\info@oasis.art\rooms\wd6ZPsF\objects.gltf... 
[2024-05-07 17:01:43.900] [info]  Success
[2024-05-07 17:01:43.988] [info]  Downloading https://hubs.mozilla.com/api/v1/avatars/bR6MFff/base.gltf?v=63811956992 => C:\Users\lenad\Desktop\OO\Hubs backup\hubs.mozilla.com\info@oasis.art\avatars\bR6MFff\base.gltf... 
[2024-05-07 17:01:44.014] [info]  Success
[2024-05-07 17:01:44.387] [info]  Downloading https://hubs.mozilla.com/moXYogv/objects.gltf => C:\Users\lenad\Desktop\OO\Hubs backup\hubs.mozilla.com\info@oasis.art\rooms\moXYogv\objects.gltf... 
[2024-05-07 17:01:44.390] [info]  Downloading https://uploads-prod.reticulum.io/files/7cf1b2b7-eb29-4926-959c-fb05e3c23cb9.json => C:\Users\lenad\Desktop\OO\Hubs backup\hubs.mozilla.com\info@oasis.art\spoke\vSh5dvq\7cf1b2b7-eb29-4926-959c-fb05e3c23cb9.json... 
[2024-05-07 17:01:44.400] [info]  Success
[2024-05-07 17:01:44.420] [info]  Success
[2024-05-07 17:01:44.471] [info]  Success
[2024-05-07 17:01:44.502] [info]  Downloading https://hubs.mozilla.com/ZPZ3cEx/objects.gltf => C:\Users\lenad\Desktop\OO\Hubs backup\hubs.mozilla.com\info@oasis.art\rooms\ZPZ3cEx\objects.gltf... 
[2024-05-07 17:01:44.524] [info]  Downloading https://uploads-prod.reticulum.io/files/99f6440d-c4d8-4d35-b088-c358e9a3d8f3.jpg => C:\Users\lenad\Desktop\OO\Hubs backup\hubs.mozilla.com\info@oasis.art\spoke\vSh5dvq\99f6440d-c4d8-4d35-b088-c358e9a3d8f3.jpg... 
[2024-05-07 17:01:44.540] [info]  Success
[2024-05-07 17:01:44.606] [info]  Success
[2024-05-07 17:01:44.638] [info]  Downloading https://hubs.mozilla.com/c8L6nWU/objects.gltf => C:\Users\lenad\Desktop\OO\Hubs backup\hubs.mozilla.com\info@oasis.art\rooms\c8L6nWU\objects.gltf... 
[2024-05-07 17:01:44.641] [info]  Downloading https://uploads-prod.reticulum.io/files/cb634dc9-dab5-4867-a0c2-b9b0b8148cb8.png => C:\Users\lenad\Desktop\OO\Hubs backup\hubs.mozilla.com\info@oasis.art\avatars\CTAD5sY\cb634dc9-dab5-4867-a0c2-b9b0b8148cb8.png... 
[2024-05-07 17:01:44.664] [info]  Success
[2024-05-07 17:01:44.704] [info]  Success
[2024-05-07 17:01:44.715] [info]  Downloading https://uploads-prod.reticulum.io/files/d1e15acf-77cd-47d9-bb11-cec2cd1c2c7b.bin => C:\Users\lenad\Desktop\OO\Hubs backup\hubs.mozilla.com\info@oasis.art\spoke\vSh5dvq\d1e15acf-77cd-47d9-bb11-cec2cd1c2c7b.bin... 
[2024-05-07 17:01:44.763] [info]  Downloading https://hubs.mozilla.com/kyaLtGD/objects.gltf => C:\Users\lenad\Desktop\OO\Hubs backup\hubs.mozilla.com\info@oasis.art\rooms\kyaLtGD\objects.gltf... 
[2024-05-07 17:01:44.785] [info]  Success
[2024-05-07 17:01:44.811] [info]  Downloading https://hubs.mozilla.com/api/v1/avatars/CTAD5sY/avatar.gltf?v=63811956984 => C:\Users\lenad\Desktop\OO\Hubs backup\hubs.mozilla.com\info@oasis.art\avatars\CTAD5sY\avatar.gltf... 
[2024-05-07 17:01:44.872] [info]  Success
[2024-05-07 17:01:44.919] [info]  Downloading https://hubs.mozilla.com/uKrfrhg/objects.gltf => C:\Users\lenad\Desktop\OO\Hubs backup\hubs.mozilla.com\info@oasis.art\rooms\uKrfrhg\objects.gltf... 
[2024-05-07 17:01:44.922] [info]  Downloading https://uploads-prod.reticulum.io/files/2b39d46a-6fa3-4565-bab5-16edb6f7c98a.json => C:\Users\lenad\Desktop\OO\Hubs backup\hubs.mozilla.com\info@oasis.art\spoke\XNS94vn\2b39d46a-6fa3-4565-bab5-16edb6f7c98a.json... 
[2024-05-07 17:01:44.934] [info]  Success
[2024-05-07 17:01:44.952] [info]  Success
[2024-05-07 17:01:45.006] [info]  Downloading https://hubs.mozilla.com/api/v1/avatars/CTAD5sY/base.gltf?v=63811956984 => C:\Users\lenad\Desktop\OO\Hubs backup\hubs.mozilla.com\info@oasis.art\avatars\CTAD5sY\base.gltf... 
[2024-05-07 17:01:45.027] [info]  Success
[2024-05-07 17:01:45.088] [info]  Downloading https://uploads-prod.reticulum.io/files/4198c5b9-66bd-4ec4-963f-4d49f7705f3f.jpg => C:\Users\lenad\Desktop\OO\Hubs backup\hubs.mozilla.com\info@oasis.art\spoke\XNS94vn\4198c5b9-66bd-4ec4-963f-4d49f7705f3f.jpg... 
[2024-05-07 17:01:45.102] [info]  Downloading https://hubs.mozilla.com/Yi6z9nc/objects.gltf => C:\Users\lenad\Desktop\OO\Hubs backup\hubs.mozilla.com\info@oasis.art\rooms\Yi6z9nc\objects.gltf... 
[2024-05-07 17:01:45.115] [info]  Success
[2024-05-07 17:01:45.147] [info]  Success
[2024-05-07 17:01:45.208] [info]  Downloading https://hubs.mozilla.com/UnYeqk2/objects.gltf => C:\Users\lenad\Desktop\OO\Hubs backup\hubs.mozilla.com\info@oasis.art\rooms\UnYeqk2\objects.gltf... 
[2024-05-07 17:01:45.222] [info]  Success
[2024-05-07 17:01:45.240] [info]  Success
[2024-05-07 17:01:45.255] [info]  Downloading https://uploads-prod.reticulum.io/files/1263c581-cedc-424e-a203-42dfb4ad79a4.bin => C:\Users\lenad\Desktop\OO\Hubs backup\hubs.mozilla.com\info@oasis.art\spoke\XNS94vn\1263c581-cedc-424e-a203-42dfb4ad79a4.bin... 
[2024-05-07 17:01:45.316] [info]  Downloading https://uploads-prod.reticulum.io/files/e74b90c0-fc47-432d-a1cf-e4d6a6f87e45.png => C:\Users\lenad\Desktop\OO\Hubs backup\hubs.mozilla.com\info@oasis.art\avatars\MbciPY6\e74b90c0-fc47-432d-a1cf-e4d6a6f87e45.png... 
[2024-05-07 17:01:45.407] [info]  Downloading https://hubs.mozilla.com/FeVHFnH/objects.gltf => C:\Users\lenad\Desktop\OO\Hubs backup\hubs.mozilla.com\info@oasis.art\rooms\FeVHFnH\objects.gltf... 
[2024-05-07 17:01:45.456] [info]  Success
[2024-05-07 17:01:45.557] [info]  Downloading https://hubs.mozilla.com/JP9Mv6R/objects.gltf => C:\Users\lenad\Desktop\OO\Hubs backup\hubs.mozilla.com\info@oasis.art\rooms\JP9Mv6R\objects.gltf... 
[2024-05-07 17:01:45.562] [info]  Success
[2024-05-07 17:01:45.579] [info]  Success
[2024-05-07 17:01:45.587] [info]  Downloading https://uploads-prod.reticulum.io/files/1174511b-c411-4e48-b135-396de83d8480.json => C:\Users\lenad\Desktop\OO\Hubs backup\hubs.mozilla.com\info@oasis.art\spoke\ngaAqJs\1174511b-c411-4e48-b135-396de83d8480.json... 
[2024-05-07 17:01:45.590] [info]  Downloading https://uploads-prod.reticulum.io/files/fcea572d-ea9b-43e4-9bc5-d57b38698174.jpg => C:\Users\lenad\Desktop\OO\Hubs backup\hubs.mozilla.com\info@oasis.art\spoke\XXM9n2e\fcea572d-ea9b-43e4-9bc5-d57b38698174.jpg... 
[2024-05-07 17:01:45.600] [info]  Success
[2024-05-07 17:01:45.710] [info]  Success
[2024-05-07 17:01:45.740] [info]  Downloading https://uploads-prod.reticulum.io/files/2df80883-9317-4c05-9fd8-9a7f21cc1ec4.jpg => C:\Users\lenad\Desktop\OO\Hubs backup\hubs.mozilla.com\info@oasis.art\spoke\ngaAqJs\2df80883-9317-4c05-9fd8-9a7f21cc1ec4.jpg... 
[2024-05-07 17:01:45.776] [info]  Success
[2024-05-07 17:01:45.838] [info]  Downloading https://hubs.mozilla.com/api/v1/avatars/MbciPY6/avatar.gltf?v=63811956936 => C:\Users\lenad\Desktop\OO\Hubs backup\hubs.mozilla.com\info@oasis.art\avatars\MbciPY6\avatar.gltf... 
[2024-05-07 17:01:45.885] [info]  Downloading https://uploads-prod.reticulum.io/files/f9a6bba1-d363-4dee-ae87-f723d63f0600.bin => C:\Users\lenad\Desktop\OO\Hubs backup\hubs.mozilla.com\info@oasis.art\spoke\ngaAqJs\f9a6bba1-d363-4dee-ae87-f723d63f0600.bin... 
[2024-05-07 17:01:45.919] [info]  Success
[2024-05-07 17:01:45.959] [info]  Success
[2024-05-07 17:01:46.000] [info]  Downloading https://uploads-prod.reticulum.io/files/f7976ac4-4421-4907-b613-094fa110d471.json => C:\Users\lenad\Desktop\OO\Hubs backup\hubs.mozilla.com\info@oasis.art\spoke\AChCcLB\f7976ac4-4421-4907-b613-094fa110d471.json... 
[2024-05-07 17:01:46.008] [info]  Success
[2024-05-07 17:01:46.043] [info]  Downloading https://hubs.mozilla.com/api/v1/avatars/MbciPY6/base.gltf?v=63811956936 => C:\Users\lenad\Desktop\OO\Hubs backup\hubs.mozilla.com\info@oasis.art\avatars\MbciPY6\base.gltf... 
[2024-05-07 17:01:46.052] [info]  Success
[2024-05-07 17:01:46.110] [info]  Downloading https://uploads-prod.reticulum.io/files/a180dfcd-43f0-4d0e-ba61-8d670b8f2ed8.jpg => C:\Users\lenad\Desktop\OO\Hubs backup\hubs.mozilla.com\info@oasis.art\spoke\AChCcLB\a180dfcd-43f0-4d0e-ba61-8d670b8f2ed8.jpg... 
[2024-05-07 17:01:46.137] [info]  Success
[2024-05-07 17:01:46.246] [info]  Downloading https://uploads-prod.reticulum.io/files/e9f4a608-6fa0-4c83-ab3c-e290de571cdf.bin => C:\Users\lenad\Desktop\OO\Hubs backup\hubs.mozilla.com\info@oasis.art\spoke\AChCcLB\e9f4a608-6fa0-4c83-ab3c-e290de571cdf.bin... 
[2024-05-07 17:01:46.326] [info]  Downloading https://uploads-prod.reticulum.io/files/ee2aff1e-5793-4145-af76-2e318ea7ae74.png => C:\Users\lenad\Desktop\OO\Hubs backup\hubs.mozilla.com\info@oasis.art\avatars\zxCWnuR\ee2aff1e-5793-4145-af76-2e318ea7ae74.png... 
[2024-05-07 17:01:46.392] [info]  Success
[2024-05-07 17:01:46.420] [info]  Downloading https://uploads-prod.reticulum.io/files/3b0553dd-8577-4b35-8d1e-bbb30ba1c8dd.json => C:\Users\lenad\Desktop\OO\Hubs backup\hubs.mozilla.com\info@oasis.art\spoke\edXFE9q\3b0553dd-8577-4b35-8d1e-bbb30ba1c8dd.json... 
[2024-05-07 17:01:46.431] [info]  Success
[2024-05-07 17:01:46.542] [info]  Success
[2024-05-07 17:01:46.591] [info]  Downloading https://hubs.mozilla.com/api/v1/avatars/zxCWnuR/avatar.gltf?v=63811956932 => C:\Users\lenad\Desktop\OO\Hubs backup\hubs.mozilla.com\info@oasis.art\avatars\zxCWnuR\avatar.gltf... 
[2024-05-07 17:01:46.594] [info]  Downloading https://uploads-prod.reticulum.io/files/d51db3f4-1c8d-44af-8cd4-e9856350e605.jpg => C:\Users\lenad\Desktop\OO\Hubs backup\hubs.mozilla.com\info@oasis.art\spoke\edXFE9q\d51db3f4-1c8d-44af-8cd4-e9856350e605.jpg... 
[2024-05-07 17:01:46.605] [info]  Success
[2024-05-07 17:01:46.635] [info]  Success
[2024-05-07 17:01:46.730] [info]  Downloading https://uploads-prod.reticulum.io/files/1d8b1343-a982-4ef7-ae92-9e5832bb45ab.jpg => C:\Users\lenad\Desktop\OO\Hubs backup\hubs.mozilla.com\info@oasis.art\spoke\FyynyFs\1d8b1343-a982-4ef7-ae92-9e5832bb45ab.jpg... 
[2024-05-07 17:01:46.753] [info]  Downloading https://hubs.mozilla.com/api/v1/avatars/zxCWnuR/base.gltf?v=63811956932 => C:\Users\lenad\Desktop\OO\Hubs backup\hubs.mozilla.com\info@oasis.art\avatars\zxCWnuR\base.gltf... 
[2024-05-07 17:01:46.771] [info]  Success
[2024-05-07 17:01:46.785] [info]  Success
[2024-05-07 17:01:46.795] [info]  Downloading https://uploads-prod.reticulum.io/files/a5cfe68f-b9fb-4451-9262-6d942303802a.bin => C:\Users\lenad\Desktop\OO\Hubs backup\hubs.mozilla.com\info@oasis.art\spoke\edXFE9q\a5cfe68f-b9fb-4451-9262-6d942303802a.bin... 
[2024-05-07 17:01:46.889] [info]  Success
[2024-05-07 17:01:46.917] [info]  Downloading https://uploads-prod.reticulum.io/files/944a9c29-21c8-4bd0-aef3-89471be9c19f.jpg => C:\Users\lenad\Desktop\OO\Hubs backup\hubs.mozilla.com\info@oasis.art\spoke\vSh5dvq\944a9c29-21c8-4bd0-aef3-89471be9c19f.jpg... 
[2024-05-07 17:01:46.973] [info]  Success
[2024-05-07 17:01:46.978] [info]  Downloading https://uploads-prod.reticulum.io/files/2300b31e-e29e-4f08-992c-b45d8ea1e8ad.json => C:\Users\lenad\Desktop\OO\Hubs backup\hubs.mozilla.com\info@oasis.art\spoke\96F95Q8\2300b31e-e29e-4f08-992c-b45d8ea1e8ad.json... 
[2024-05-07 17:01:46.983] [info]  Success
[2024-05-07 17:01:47.111] [info]  Success
[2024-05-07 17:01:47.144] [info]  Success
[2024-05-07 17:01:47.157] [info]  Downloading https://uploads-prod.reticulum.io/files/28640be0-83b7-47d0-a2cc-00b61595ac5e.jpg => C:\Users\lenad\Desktop\OO\Hubs backup\hubs.mozilla.com\info@oasis.art\spoke\LY4gAbo\28640be0-83b7-47d0-a2cc-00b61595ac5e.jpg... 
[2024-05-07 17:01:47.166] [info]  Downloading https://uploads-prod.reticulum.io/files/15958222-a067-4f68-8efc-ac91b81f6a60.jpg => C:\Users\lenad\Desktop\OO\Hubs backup\hubs.mozilla.com\info@oasis.art\spoke\96F95Q8\15958222-a067-4f68-8efc-ac91b81f6a60.jpg... 
[2024-05-07 17:01:47.193] [info]  Success
[2024-05-07 17:01:47.290] [info]  Success
[2024-05-07 17:01:47.312] [info]  Downloading https://uploads-prod.reticulum.io/files/61da4151-058c-452c-92ef-49aa7662462c.jpg => C:\Users\lenad\Desktop\OO\Hubs backup\hubs.mozilla.com\info@oasis.art\spoke\bMmSYmi\61da4151-058c-452c-92ef-49aa7662462c.jpg... 
[2024-05-07 17:01:47.318] [info]  Downloading https://uploads-prod.reticulum.io/files/4a8a9a46-a642-4a03-aaa3-0270354e5f69.png => C:\Users\lenad\Desktop\OO\Hubs backup\hubs.mozilla.com\info@oasis.art\avatars\WYbbpPw\4a8a9a46-a642-4a03-aaa3-0270354e5f69.png... 
[2024-05-07 17:01:47.332] [info]  Downloading https://uploads-prod.reticulum.io/files/2cb4cde5-ca1c-4b24-98a0-9c77e4752291.bin => C:\Users\lenad\Desktop\OO\Hubs backup\hubs.mozilla.com\info@oasis.art\spoke\96F95Q8\2cb4cde5-ca1c-4b24-98a0-9c77e4752291.bin... 
[2024-05-07 17:01:47.351] [info]  Success
[2024-05-07 17:01:47.429] [info]  Success
[2024-05-07 17:01:47.495] [info]  Success
[2024-05-07 17:01:47.609] [info]  Downloading https://uploads-prod.reticulum.io/files/9ff07166-7c2e-4431-9706-3225918e14cc.jpg => C:\Users\lenad\Desktop\OO\Hubs backup\hubs.mozilla.com\info@oasis.art\spoke\XNS94vn\9ff07166-7c2e-4431-9706-3225918e14cc.jpg... 
[2024-05-07 17:01:47.642] [info]  Downloading https://uploads-prod.reticulum.io/files/260b515d-019e-4577-bd29-cc3b40594383.json => C:\Users\lenad\Desktop\OO\Hubs backup\hubs.mozilla.com\info@oasis.art\spoke\dbLQySF\260b515d-019e-4577-bd29-cc3b40594383.json... 
[2024-05-07 17:01:47.678] [info]  Success
[2024-05-07 17:01:47.779] [info]  Success
[2024-05-07 17:01:47.797] [info]  Success
[2024-05-07 17:01:47.918] [info]  Success
[2024-05-07 17:01:47.927] [info]  Downloading https://uploads-prod.reticulum.io/files/6643bd8f-40f0-4ade-8fcc-f3a8b8814d13.jpg => C:\Users\lenad\Desktop\OO\Hubs backup\hubs.mozilla.com\info@oasis.art\spoke\XCcvHo6\6643bd8f-40f0-4ade-8fcc-f3a8b8814d13.jpg... 
[2024-05-07 17:01:48.015] [info]  Success
[2024-05-07 17:01:48.047] [info]  Downloading https://uploads-prod.reticulum.io/files/efa87516-7790-4042-8d57-a5890b9613d9.jpg => C:\Users\lenad\Desktop\OO\Hubs backup\hubs.mozilla.com\info@oasis.art\spoke\AChCcLB\efa87516-7790-4042-8d57-a5890b9613d9.jpg... 
[2024-05-07 17:01:48.058] [info]  Downloading https://hubs.mozilla.com/api/v1/avatars/WYbbpPw/avatar.gltf?v=63811956928 => C:\Users\lenad\Desktop\OO\Hubs backup\hubs.mozilla.com\info@oasis.art\avatars\WYbbpPw\avatar.gltf... 
[2024-05-07 17:01:48.064] [info]  Success
[2024-05-07 17:01:48.178] [info]  Success
[2024-05-07 17:01:48.236] [info]  Downloading https://uploads-prod.reticulum.io/files/b3ed2055-36a5-4472-aa58-84f4b950b5db.jpg => C:\Users\lenad\Desktop\OO\Hubs backup\hubs.mozilla.com\info@oasis.art\spoke\Ghw7kLJ\b3ed2055-36a5-4472-aa58-84f4b950b5db.jpg... 
[2024-05-07 17:01:48.366] [info]  Success
[2024-05-07 17:01:48.387] [info]  Downloading https://uploads-prod.reticulum.io/files/6d27665f-c3a3-45c6-be4f-adc16576e363.jpg => C:\Users\lenad\Desktop\OO\Hubs backup\hubs.mozilla.com\info@oasis.art\spoke\dbLQySF\6d27665f-c3a3-45c6-be4f-adc16576e363.jpg... 
[2024-05-07 17:01:48.402] [info]  Success
[2024-05-07 17:01:48.435] [info]  Downloading https://hubs.mozilla.com/api/v1/avatars/WYbbpPw/base.gltf?v=63811956928 => C:\Users\lenad\Desktop\OO\Hubs backup\hubs.mozilla.com\info@oasis.art\avatars\WYbbpPw\base.gltf... 
[2024-05-07 17:01:48.444] [info]  Success
[2024-05-07 17:01:48.497] [info]  Success
[2024-05-07 17:01:48.533] [info]  Success
[2024-05-07 17:01:48.584] [info]  Success
[2024-05-07 17:01:48.620] [info]  Downloading https://uploads-prod.reticulum.io/files/68bf1931-79da-44cc-9255-c916229f1e05.bin => C:\Users\lenad\Desktop\OO\Hubs backup\hubs.mozilla.com\info@oasis.art\spoke\dbLQySF\68bf1931-79da-44cc-9255-c916229f1e05.bin... 
[2024-05-07 17:01:48.669] [info]  Downloading https://uploads-prod.reticulum.io/files/11465d2d-5e16-471a-bfab-1b772a9ed526.jpg => C:\Users\lenad\Desktop\OO\Hubs backup\hubs.mozilla.com\info@oasis.art\spoke\ngaAqJs\11465d2d-5e16-471a-bfab-1b772a9ed526.jpg... 
[2024-05-07 17:01:48.686] [info]  Downloading https://uploads-prod.reticulum.io/files/168f9658-6469-49f3-9e56-b107fdd4a08c.jpg => C:\Users\lenad\Desktop\OO\Hubs backup\hubs.mozilla.com\info@oasis.art\spoke\edXFE9q\168f9658-6469-49f3-9e56-b107fdd4a08c.jpg... 
[2024-05-07 17:01:48.724] [info]  Success
[2024-05-07 17:01:48.752] [info]  Downloading https://uploads-prod.reticulum.io/files/cc3df1b5-67da-4c60-af0d-aa3bb2110f91.json => C:\Users\lenad\Desktop\OO\Hubs backup\hubs.mozilla.com\info@oasis.art\spoke\jnRRtof\cc3df1b5-67da-4c60-af0d-aa3bb2110f91.json... 
[2024-05-07 17:01:48.760] [info]  Success
[2024-05-07 17:01:48.763] [info]  Success
[2024-05-07 17:01:48.937] [info]  Downloading https://uploads-prod.reticulum.io/files/22a03211-ff43-4119-b282-e54306ed5a46.jpg => C:\Users\lenad\Desktop\OO\Hubs backup\hubs.mozilla.com\info@oasis.art\spoke\jnRRtof\22a03211-ff43-4119-b282-e54306ed5a46.jpg... 
[2024-05-07 17:01:48.952] [info]  Success
[2024-05-07 17:01:49.133] [info]  Downloading https://uploads-prod.reticulum.io/files/7b81b6eb-a755-4d9b-9f5d-3f7d23c02224.bin => C:\Users\lenad\Desktop\OO\Hubs backup\hubs.mozilla.com\info@oasis.art\spoke\jnRRtof\7b81b6eb-a755-4d9b-9f5d-3f7d23c02224.bin... 
[2024-05-07 17:01:49.181] [info]  Success
[2024-05-07 17:01:49.538] [info]  Downloading https://uploads-prod.reticulum.io/files/de4d89c2-6ec2-45e2-abef-7e62c69eabba.jpg => C:\Users\lenad\Desktop\OO\Hubs backup\hubs.mozilla.com\info@oasis.art\spoke\96F95Q8\de4d89c2-6ec2-45e2-abef-7e62c69eabba.jpg... 
[2024-05-07 17:01:49.542] [info]  Downloading https://uploads-prod.reticulum.io/files/b9603a9e-b918-4f51-8693-333cdaffb6e1.json => C:\Users\lenad\Desktop\OO\Hubs backup\hubs.mozilla.com\info@oasis.art\spoke\uNjBndN\b9603a9e-b918-4f51-8693-333cdaffb6e1.json... 
[2024-05-07 17:01:50.102] [info]  Success
[2024-05-07 17:01:50.133] [info]  Success
[2024-05-07 17:01:50.172] [info]  Success
[2024-05-07 17:01:50.220] [info]  Downloading https://uploads-prod.reticulum.io/files/b6b4ab87-2d5f-44d8-b4e9-ed3db6496cd1.jpg => C:\Users\lenad\Desktop\OO\Hubs backup\hubs.mozilla.com\info@oasis.art\spoke\dbLQySF\b6b4ab87-2d5f-44d8-b4e9-ed3db6496cd1.jpg... 
[2024-05-07 17:01:50.248] [info]  Success
[2024-05-07 17:01:50.260] [info]  Downloading https://uploads-prod.reticulum.io/files/ef599dcb-70bb-4f79-9c92-a9f1a4bcce03.png => C:\Users\lenad\Desktop\OO\Hubs backup\hubs.mozilla.com\info@oasis.art\media\ef599dcb-70bb-4f79-9c92-a9f1a4bcce03.png... 
[2024-05-07 17:01:50.275] [info]  Success
[2024-05-07 17:01:50.299] [info]  Success
[2024-05-07 17:01:50.316] [info]  Success
[2024-05-07 17:01:50.337] [info]  Downloading https://uploads-prod.reticulum.io/files/79d2c904-a522-4f89-a28d-b47b59f76187.jpg => C:\Users\lenad\Desktop\OO\Hubs backup\hubs.mozilla.com\info@oasis.art\spoke\uNjBndN\79d2c904-a522-4f89-a28d-b47b59f76187.jpg... 
[2024-05-07 17:01:50.347] [info]  Success
[2024-05-07 17:01:50.376] [info]  Downloading https://uploads-prod.reticulum.io/files/79dc0439-6002-455a-960c-e88541548d5e.jpg => C:\Users\lenad\Desktop\OO\Hubs backup\hubs.mozilla.com\info@oasis.art\spoke\jnRRtof\79dc0439-6002-455a-960c-e88541548d5e.jpg... 
[2024-05-07 17:01:50.383] [info]  Downloading https://uploads-prod.reticulum.io/files/6dfe8074-9cf3-4f37-a4f3-f0a80c0e736a.png => C:\Users\lenad\Desktop\OO\Hubs backup\hubs.mozilla.com\info@oasis.art\media\6dfe8074-9cf3-4f37-a4f3-f0a80c0e736a.png... 
[2024-05-07 17:01:50.392] [info]  Success
[2024-05-07 17:01:50.426] [info]  Success
[2024-05-07 17:01:50.458] [info]  Downloading https://uploads-prod.reticulum.io/files/9dab8cca-8ebc-49b8-9759-92d995bc38c6.bin => C:\Users\lenad\Desktop\OO\Hubs backup\hubs.mozilla.com\info@oasis.art\spoke\uNjBndN\9dab8cca-8ebc-49b8-9759-92d995bc38c6.bin... 
[2024-05-07 17:01:50.487] [info]  Downloading https://uploads-prod.reticulum.io/files/2b48873f-af81-4af8-b79f-5f2bb5c28315.png => C:\Users\lenad\Desktop\OO\Hubs backup\hubs.mozilla.com\info@oasis.art\media\2b48873f-af81-4af8-b79f-5f2bb5c28315.png... 
[2024-05-07 17:01:50.507] [info]  Success
[2024-05-07 17:01:50.731] [info]  Downloading https://uploads-prod.reticulum.io/files/bdac5d2a-ed29-4138-946c-4caf0aa24651.mp4 => C:\Users\lenad\Desktop\OO\Hubs backup\hubs.mozilla.com\info@oasis.art\media\bdac5d2a-ed29-4138-946c-4caf0aa24651.mp4... 
[2024-05-07 17:01:50.760] [info]  Downloading https://uploads-prod.reticulum.io/files/c40ef984-4f97-4689-a31e-e7d864a98206.json => C:\Users\lenad\Desktop\OO\Hubs backup\hubs.mozilla.com\info@oasis.art\spoke\GbTqQrH\c40ef984-4f97-4689-a31e-e7d864a98206.json... 
[2024-05-07 17:01:50.772] [info]  Success
[2024-05-07 17:01:50.969] [info]  Downloading https://uploads-prod.reticulum.io/files/c5d8a951-c248-446c-babc-bac425e21cc4.jpg => C:\Users\lenad\Desktop\OO\Hubs backup\hubs.mozilla.com\info@oasis.art\spoke\GbTqQrH\c5d8a951-c248-446c-babc-bac425e21cc4.jpg... 
[2024-05-07 17:01:50.985] [info]  Success
[2024-05-07 17:01:51.102] [info]  Downloading https://uploads-prod.reticulum.io/files/1ac45511-7505-4931-95ed-541ada88cf12.bin => C:\Users\lenad\Desktop\OO\Hubs backup\hubs.mozilla.com\info@oasis.art\spoke\GbTqQrH\1ac45511-7505-4931-95ed-541ada88cf12.bin... 
[2024-05-07 17:01:51.371] [info]  Downloading https://uploads-prod.reticulum.io/files/a6971f2d-7d54-476b-aab3-17bd8c8d3314.json => C:\Users\lenad\Desktop\OO\Hubs backup\hubs.mozilla.com\info@oasis.art\spoke\LDRTjx9\a6971f2d-7d54-476b-aab3-17bd8c8d3314.json... 
[2024-05-07 17:01:51.388] [info]  Success
[2024-05-07 17:01:51.499] [info]  Downloading https://uploads-prod.reticulum.io/files/410589e5-a66d-4e0a-a776-6c0acdceb45b.jpg => C:\Users\lenad\Desktop\OO\Hubs backup\hubs.mozilla.com\info@oasis.art\spoke\LDRTjx9\410589e5-a66d-4e0a-a776-6c0acdceb45b.jpg... 
[2024-05-07 17:01:51.542] [info]  Success
[2024-05-07 17:01:51.644] [info]  Downloading https://uploads-prod.reticulum.io/files/4f501f7c-8814-49a9-b9da-9ea220e345a2.bin => C:\Users\lenad\Desktop\OO\Hubs backup\hubs.mozilla.com\info@oasis.art\spoke\LDRTjx9\4f501f7c-8814-49a9-b9da-9ea220e345a2.bin... 
[2024-05-07 17:01:51.894] [info]  Downloading https://uploads-prod.reticulum.io/files/a9f69f76-9f03-4c9f-9500-45a662f9d30d.json => C:\Users\lenad\Desktop\OO\Hubs backup\hubs.mozilla.com\info@oasis.art\spoke\xKoWNNk\a9f69f76-9f03-4c9f-9500-45a662f9d30d.json... 
[2024-05-07 17:01:51.917] [info]  Success
[2024-05-07 17:01:52.124] [info]  Downloading https://uploads-prod.reticulum.io/files/27f6d9e9-a2b6-4502-918a-b940f4a0fefc.jpg => C:\Users\lenad\Desktop\OO\Hubs backup\hubs.mozilla.com\info@oasis.art\spoke\xKoWNNk\27f6d9e9-a2b6-4502-918a-b940f4a0fefc.jpg... 
[2024-05-07 17:01:52.210] [info]  Success
[2024-05-07 17:01:52.371] [info]  Downloading https://uploads-prod.reticulum.io/files/ee97b8b5-d1ed-4116-8155-0801d78d2ced.bin => C:\Users\lenad\Desktop\OO\Hubs backup\hubs.mozilla.com\info@oasis.art\spoke\xKoWNNk\ee97b8b5-d1ed-4116-8155-0801d78d2ced.bin... 
[2024-05-07 17:01:52.582] [info]  Downloading https://uploads-prod.reticulum.io/files/442bd344-b747-42f4-9fb4-d1b52fc0b65c.json => C:\Users\lenad\Desktop\OO\Hubs backup\hubs.mozilla.com\info@oasis.art\spoke\kULyeuP\442bd344-b747-42f4-9fb4-d1b52fc0b65c.json... 
[2024-05-07 17:01:52.598] [info]  Success
[2024-05-07 17:01:52.611] [info]  Success
[2024-05-07 17:01:52.817] [info]  Downloading https://uploads-prod.reticulum.io/files/561d56f5-ec63-44ac-adfc-a0682bc4c30d.jpg => C:\Users\lenad\Desktop\OO\Hubs backup\hubs.mozilla.com\info@oasis.art\spoke\GbTqQrH\561d56f5-ec63-44ac-adfc-a0682bc4c30d.jpg... 
[2024-05-07 17:01:52.832] [info]  Downloading https://uploads-prod.reticulum.io/files/d8dcd0cd-5824-45d9-978b-6c9fe9b4dcd5.jpg => C:\Users\lenad\Desktop\OO\Hubs backup\hubs.mozilla.com\info@oasis.art\spoke\kULyeuP\d8dcd0cd-5824-45d9-978b-6c9fe9b4dcd5.jpg... 
[2024-05-07 17:01:52.862] [info]  Success
[2024-05-07 17:01:52.904] [info]  Success
[2024-05-07 17:01:52.964] [info]  Success
[2024-05-07 17:01:52.990] [info]  Downloading https://uploads-prod.reticulum.io/files/005962c4-7fee-4916-a608-920ad88a7f4a.jpg => C:\Users\lenad\Desktop\OO\Hubs backup\hubs.mozilla.com\info@oasis.art\spoke\uNjBndN\005962c4-7fee-4916-a608-920ad88a7f4a.jpg... 
[2024-05-07 17:01:53.078] [info]  Downloading https://uploads-prod.reticulum.io/files/8250fb05-79ae-4ab5-ac0b-0fc0ed2e098d.bin => C:\Users\lenad\Desktop\OO\Hubs backup\hubs.mozilla.com\info@oasis.art\spoke\kULyeuP\8250fb05-79ae-4ab5-ac0b-0fc0ed2e098d.bin... 
[2024-05-07 17:01:53.204] [info]  Success
[2024-05-07 17:01:53.403] [info]  Downloading https://uploads-prod.reticulum.io/files/717671f8-5072-43f2-bde9-cbcd37249596.json => C:\Users\lenad\Desktop\OO\Hubs backup\hubs.mozilla.com\info@oasis.art\spoke\WrTZXoZ\717671f8-5072-43f2-bde9-cbcd37249596.json... 
[2024-05-07 17:01:53.426] [info]  Success
[2024-05-07 17:01:53.550] [info]  Downloading https://uploads-prod.reticulum.io/files/1d9869af-ec4f-46a1-be7f-2b9ddeee75e2.jpg => C:\Users\lenad\Desktop\OO\Hubs backup\hubs.mozilla.com\info@oasis.art\spoke\WrTZXoZ\1d9869af-ec4f-46a1-be7f-2b9ddeee75e2.jpg... 
[2024-05-07 17:01:53.612] [info]  Success
[2024-05-07 17:01:53.717] [info]  Downloading https://uploads-prod.reticulum.io/files/20d96fe4-9b81-4827-a176-63ed5fe1c540.bin => C:\Users\lenad\Desktop\OO\Hubs backup\hubs.mozilla.com\info@oasis.art\spoke\WrTZXoZ\20d96fe4-9b81-4827-a176-63ed5fe1c540.bin... 
[2024-05-07 17:01:53.949] [info]  Downloading https://uploads-prod.reticulum.io/files/2768f2e2-8e7b-41c3-b255-f7d7be2c59e3.json => C:\Users\lenad\Desktop\OO\Hubs backup\hubs.mozilla.com\info@oasis.art\spoke\tv5Lfg9\2768f2e2-8e7b-41c3-b255-f7d7be2c59e3.json... 
[2024-05-07 17:01:53.971] [info]  Success
[2024-05-07 17:01:54.089] [info]  Downloading https://uploads-prod.reticulum.io/files/1054fb09-61d7-4fc6-a96e-fb9c1886d2cb.jpg => C:\Users\lenad\Desktop\OO\Hubs backup\hubs.mozilla.com\info@oasis.art\spoke\tv5Lfg9\1054fb09-61d7-4fc6-a96e-fb9c1886d2cb.jpg... 
[2024-05-07 17:01:54.163] [info]  Success
[2024-05-07 17:01:54.294] [info]  Downloading https://uploads-prod.reticulum.io/files/f9627d96-41f7-4857-a73f-7a9c2a67e370.bin => C:\Users\lenad\Desktop\OO\Hubs backup\hubs.mozilla.com\info@oasis.art\spoke\tv5Lfg9\f9627d96-41f7-4857-a73f-7a9c2a67e370.bin... 
[2024-05-07 17:01:54.750] [info]  Success
[2024-05-07 17:01:55.102] [info]  Downloading https://uploads-prod.reticulum.io/files/0cf25f7d-4dc4-41fc-9b61-f54853022135.jpg => C:\Users\lenad\Desktop\OO\Hubs backup\hubs.mozilla.com\info@oasis.art\spoke\LDRTjx9\0cf25f7d-4dc4-41fc-9b61-f54853022135.jpg... 
[2024-05-07 17:01:55.295] [info]  Downloading https://uploads-prod.reticulum.io/files/6ce95ae5-1491-4332-b74b-b208cb9ab0ec.json => C:\Users\lenad\Desktop\OO\Hubs backup\hubs.mozilla.com\info@oasis.art\spoke\ZrtBqL7\6ce95ae5-1491-4332-b74b-b208cb9ab0ec.json... 
[2024-05-07 17:01:55.308] [info]  Success
[2024-05-07 17:01:55.319] [info]  Success
[2024-05-07 17:01:55.437] [info]  Downloading https://uploads-prod.reticulum.io/files/c62c0a30-e9e5-412d-b1e2-1cd28c6c59c2.jpg => C:\Users\lenad\Desktop\OO\Hubs backup\hubs.mozilla.com\info@oasis.art\spoke\ZrtBqL7\c62c0a30-e9e5-412d-b1e2-1cd28c6c59c2.jpg... 
[2024-05-07 17:01:55.520] [info]  Success
[2024-05-07 17:01:55.605] [info]  Success
[2024-05-07 17:01:55.670] [info]  Downloading https://uploads-prod.reticulum.io/files/d69d66e2-d7f1-4a45-aa03-3254fcd19b69.bin => C:\Users\lenad\Desktop\OO\Hubs backup\hubs.mozilla.com\info@oasis.art\spoke\ZrtBqL7\d69d66e2-d7f1-4a45-aa03-3254fcd19b69.bin... 
[2024-05-07 17:01:55.733] [info]  Downloading https://uploads-prod.reticulum.io/files/941e58f3-ba95-4d9c-bf1b-0667cbda4ed5.jpg => C:\Users\lenad\Desktop\OO\Hubs backup\hubs.mozilla.com\info@oasis.art\spoke\kULyeuP\941e58f3-ba95-4d9c-bf1b-0667cbda4ed5.jpg... 
[2024-05-07 17:01:55.834] [info]  Downloading https://uploads-prod.reticulum.io/files/3720cf88-c8c7-47a0-9b06-6ea3270c752d.json => C:\Users\lenad\Desktop\OO\Hubs backup\hubs.mozilla.com\info@oasis.art\spoke\8A8nKeH\3720cf88-c8c7-47a0-9b06-6ea3270c752d.json... 
[2024-05-07 17:01:55.849] [info]  Success
[2024-05-07 17:01:55.994] [info]  Downloading https://uploads-prod.reticulum.io/files/67ebe29e-ca6d-41ae-9574-502e0deaf3b2.jpg => C:\Users\lenad\Desktop\OO\Hubs backup\hubs.mozilla.com\info@oasis.art\spoke\8A8nKeH\67ebe29e-ca6d-41ae-9574-502e0deaf3b2.jpg... 
[2024-05-07 17:01:56.020] [info]  Success
[2024-05-07 17:01:56.135] [info]  Success
[2024-05-07 17:01:56.157] [info]  Success
[2024-05-07 17:01:56.180] [info]  Downloading https://uploads-prod.reticulum.io/files/1a566bcc-c527-4224-bf8a-0a0a89821b1a.bin => C:\Users\lenad\Desktop\OO\Hubs backup\hubs.mozilla.com\info@oasis.art\spoke\8A8nKeH\1a566bcc-c527-4224-bf8a-0a0a89821b1a.bin... 
[2024-05-07 17:01:56.399] [info]  Downloading https://uploads-prod.reticulum.io/files/bd173ef0-aaca-4d50-9564-dd8173bbe6e0.jpg => C:\Users\lenad\Desktop\OO\Hubs backup\hubs.mozilla.com\info@oasis.art\spoke\xKoWNNk\bd173ef0-aaca-4d50-9564-dd8173bbe6e0.jpg... 
[2024-05-07 17:01:56.475] [info]  Downloading https://uploads-prod.reticulum.io/files/c16b62d5-f9db-4178-9ff9-c7ba18a9496c.json => C:\Users\lenad\Desktop\OO\Hubs backup\hubs.mozilla.com\info@oasis.art\spoke\Js7rb7C\c16b62d5-f9db-4178-9ff9-c7ba18a9496c.json... 
[2024-05-07 17:01:56.491] [info]  Success
[2024-05-07 17:01:56.618] [info]  Success
[2024-05-07 17:01:56.762] [info]  Downloading https://uploads-prod.reticulum.io/files/3ac25231-1d8b-4723-b34d-7fa0446be4e1.jpg => C:\Users\lenad\Desktop\OO\Hubs backup\hubs.mozilla.com\info@oasis.art\spoke\Js7rb7C\3ac25231-1d8b-4723-b34d-7fa0446be4e1.jpg... 
[2024-05-07 17:01:56.777] [info]  Success
[2024-05-07 17:01:56.784] [info]  Success
[2024-05-07 17:01:56.976] [info]  Downloading https://uploads-prod.reticulum.io/files/b65777f8-29ac-41aa-8ba9-14c04cd60542.jpg => C:\Users\lenad\Desktop\OO\Hubs backup\hubs.mozilla.com\info@oasis.art\spoke\3vnRQVh\b65777f8-29ac-41aa-8ba9-14c04cd60542.jpg... 
[2024-05-07 17:01:57.054] [info]  Downloading https://uploads-prod.reticulum.io/files/f961768f-fcf8-407f-aeb6-ef8743d0659e.bin => C:\Users\lenad\Desktop\OO\Hubs backup\hubs.mozilla.com\info@oasis.art\spoke\Js7rb7C\f961768f-fcf8-407f-aeb6-ef8743d0659e.bin... 
[2024-05-07 17:01:57.105] [info]  Success
[2024-05-07 17:01:57.402] [info]  Downloading https://uploads-prod.reticulum.io/files/23735297-7a4a-49a2-8203-3d8970d82a56.json => C:\Users\lenad\Desktop\OO\Hubs backup\hubs.mozilla.com\info@oasis.art\spoke\Aar2VM5\23735297-7a4a-49a2-8203-3d8970d82a56.json... 
[2024-05-07 17:01:57.408] [info]  Success
[2024-05-07 17:01:57.444] [info]  Downloading https://uploads-prod.reticulum.io/files/eea72e63-301f-4b7c-8f36-da289ef15b5f.jpg => C:\Users\lenad\Desktop\OO\Hubs backup\hubs.mozilla.com\info@oasis.art\spoke\tv5Lfg9\eea72e63-301f-4b7c-8f36-da289ef15b5f.jpg... 
[2024-05-07 17:01:57.567] [info]  Success
[2024-05-07 17:01:57.599] [info]  Success
[2024-05-07 17:01:57.781] [info]  Downloading https://uploads-prod.reticulum.io/files/18e12a98-3ca0-4099-a19b-473a02377f4a.jpg => C:\Users\lenad\Desktop\OO\Hubs backup\hubs.mozilla.com\info@oasis.art\spoke\Aar2VM5\18e12a98-3ca0-4099-a19b-473a02377f4a.jpg... 
[2024-05-07 17:01:57.790] [info]  Success
[2024-05-07 17:01:57.853] [info]  Success
[2024-05-07 17:01:57.916] [info]  Downloading https://uploads-prod.reticulum.io/files/653993d1-d0c8-47b3-ae1c-a5888e192937.jpg => C:\Users\lenad\Desktop\OO\Hubs backup\hubs.mozilla.com\info@oasis.art\spoke\ZrtBqL7\653993d1-d0c8-47b3-ae1c-a5888e192937.jpg... 
[2024-05-07 17:01:57.949] [info]  Success
[2024-05-07 17:01:58.173] [info]  Downloading https://uploads-prod.reticulum.io/files/db4e07eb-1b19-414e-bda6-02e6244c40f8.jpg => C:\Users\lenad\Desktop\OO\Hubs backup\hubs.mozilla.com\info@oasis.art\spoke\8A8nKeH\db4e07eb-1b19-414e-bda6-02e6244c40f8.jpg... 
[2024-05-07 17:01:58.484] [info]  Downloading https://uploads-prod.reticulum.io/files/d1e5d5af-bd20-44dd-8c8e-f45ab117ec79.bin => C:\Users\lenad\Desktop\OO\Hubs backup\hubs.mozilla.com\info@oasis.art\spoke\Aar2VM5\d1e5d5af-bd20-44dd-8c8e-f45ab117ec79.bin... 
[2024-05-07 17:01:58.595] [info]  Downloading https://uploads-prod.reticulum.io/files/8da119ab-70b9-4724-97f1-e618630fe560.json => C:\Users\lenad\Desktop\OO\Hubs backup\hubs.mozilla.com\info@oasis.art\spoke\jUXdHsx\8da119ab-70b9-4724-97f1-e618630fe560.json... 
[2024-05-07 17:01:58.598] [info]  Success
[2024-05-07 17:01:58.941] [info]  Downloading https://uploads-prod.reticulum.io/files/c0426892-cbfc-4075-bcd0-18852d53c59e.jpg => C:\Users\lenad\Desktop\OO\Hubs backup\hubs.mozilla.com\info@oasis.art\spoke\jUXdHsx\c0426892-cbfc-4075-bcd0-18852d53c59e.jpg... 
[2024-05-07 17:01:58.954] [info]  Success
[2024-05-07 17:01:59.103] [info]  Success
[2024-05-07 17:01:59.163] [info]  Success
[2024-05-07 17:01:59.196] [info]  Downloading https://uploads-prod.reticulum.io/files/bf4ff8c3-cbd3-4aa4-a21d-c5aac1f62bc7.bin => C:\Users\lenad\Desktop\OO\Hubs backup\hubs.mozilla.com\info@oasis.art\spoke\jUXdHsx\bf4ff8c3-cbd3-4aa4-a21d-c5aac1f62bc7.bin... 
[2024-05-07 17:01:59.377] [info]  Success
[2024-05-07 17:01:59.537] [info]  Downloading https://uploads-prod.reticulum.io/files/747bc0e4-a969-423c-916c-0c7e57bd9491.json => C:\Users\lenad\Desktop\OO\Hubs backup\hubs.mozilla.com\info@oasis.art\spoke\WJqTfS3\747bc0e4-a969-423c-916c-0c7e57bd9491.json... 
[2024-05-07 17:01:59.540] [info]  Success
[2024-05-07 17:01:59.703] [info]  Downloading https://uploads-prod.reticulum.io/files/3dd35bd4-16fb-4da2-a7f0-2d715af87fc9.jpg => C:\Users\lenad\Desktop\OO\Hubs backup\hubs.mozilla.com\info@oasis.art\spoke\Js7rb7C\3dd35bd4-16fb-4da2-a7f0-2d715af87fc9.jpg... 
[2024-05-07 17:01:59.784] [info]  Success
[2024-05-07 17:01:59.832] [info]  Downloading https://uploads-prod.reticulum.io/files/88806c20-0fdd-4f43-9131-0202e30de360.jpg => C:\Users\lenad\Desktop\OO\Hubs backup\hubs.mozilla.com\info@oasis.art\spoke\WJqTfS3\88806c20-0fdd-4f43-9131-0202e30de360.jpg... 
[2024-05-07 17:01:59.836] [info]  Success
[2024-05-07 17:01:59.897] [info]  Success
[2024-05-07 17:02:00.198] [info]  Downloading https://uploads-prod.reticulum.io/files/86fd231f-8736-4434-933d-5cebffefcfb1.bin => C:\Users\lenad\Desktop\OO\Hubs backup\hubs.mozilla.com\info@oasis.art\spoke\WJqTfS3\86fd231f-8736-4434-933d-5cebffefcfb1.bin... 
[2024-05-07 17:02:00.211] [info]  Downloading https://uploads-prod.reticulum.io/files/a69c2a8d-315e-4a42-be40-43b4a24e396e.jpg => C:\Users\lenad\Desktop\OO\Hubs backup\hubs.mozilla.com\info@oasis.art\spoke\AgnQcBi\a69c2a8d-315e-4a42-be40-43b4a24e396e.jpg... 
[2024-05-07 17:02:00.489] [info]  Success
[2024-05-07 17:02:00.506] [info]  Downloading https://uploads-prod.reticulum.io/files/2f5e851a-4a89-4ad4-8c30-cf96760f3e79.json => C:\Users\lenad\Desktop\OO\Hubs backup\hubs.mozilla.com\info@oasis.art\spoke\wkXYZLD\2f5e851a-4a89-4ad4-8c30-cf96760f3e79.json... 
[2024-05-07 17:02:00.518] [info]  Success
[2024-05-07 17:02:00.742] [info]  Success
[2024-05-07 17:02:00.817] [info]  Downloading https://uploads-prod.reticulum.io/files/317107a6-18f4-45aa-b182-21189a46b811.jpg => C:\Users\lenad\Desktop\OO\Hubs backup\hubs.mozilla.com\info@oasis.art\media\317107a6-18f4-45aa-b182-21189a46b811.jpg... 
[2024-05-07 17:02:00.833] [info]  Downloading https://uploads-prod.reticulum.io/files/2e493e2c-f90c-4a39-8254-4236774efd9b.jpg => C:\Users\lenad\Desktop\OO\Hubs backup\hubs.mozilla.com\info@oasis.art\spoke\wkXYZLD\2e493e2c-f90c-4a39-8254-4236774efd9b.jpg... 
[2024-05-07 17:02:00.840] [info]  Success
[2024-05-07 17:02:00.943] [info]  Success
[2024-05-07 17:02:01.046] [info]  Success
[2024-05-07 17:02:01.078] [info]  Downloading https://uploads-prod.reticulum.io/files/82245a11-2609-4279-bd46-adea99a208d7.bin => C:\Users\lenad\Desktop\OO\Hubs backup\hubs.mozilla.com\info@oasis.art\spoke\wkXYZLD\82245a11-2609-4279-bd46-adea99a208d7.bin... 
[2024-05-07 17:02:01.195] [info]  Downloading https://uploads-prod.reticulum.io/files/e899d691-84c3-408b-8768-5991b4b765fe.jpg => C:\Users\lenad\Desktop\OO\Hubs backup\hubs.mozilla.com\info@oasis.art\spoke\WJqTfS3\e899d691-84c3-408b-8768-5991b4b765fe.jpg... 
[2024-05-07 17:02:01.231] [info]  Success
[2024-05-07 17:02:01.241] [info]  Downloading https://uploads-prod.reticulum.io/files/59141b34-b88e-4922-8b6d-f033c8ec50c1.glb => C:\Users\lenad\Desktop\OO\Hubs backup\hubs.mozilla.com\info@oasis.art\media\59141b34-b88e-4922-8b6d-f033c8ec50c1.glb... 
[2024-05-07 17:02:01.365] [info]  Downloading https://uploads-prod.reticulum.io/files/abea04aa-fb09-48d9-b3d8-967919fbc99a.json => C:\Users\lenad\Desktop\OO\Hubs backup\hubs.mozilla.com\info@oasis.art\spoke\QE7RngD\abea04aa-fb09-48d9-b3d8-967919fbc99a.json... 
[2024-05-07 17:02:01.392] [info]  Success
[2024-05-07 17:02:01.398] [info]  Success
[2024-05-07 17:02:01.689] [info]  Downloading https://uploads-prod.reticulum.io/files/b0cb196d-149f-466b-bd99-bf6b8addcca3.jpg => C:\Users\lenad\Desktop\OO\Hubs backup\hubs.mozilla.com\info@oasis.art\spoke\QE7RngD\b0cb196d-149f-466b-bd99-bf6b8addcca3.jpg... 
[2024-05-07 17:02:01.699] [info]  Success
[2024-05-07 17:02:01.726] [info]  Downloading https://uploads-prod.reticulum.io/files/82ef6def-e24b-474e-a189-dcc75f30314f.jpg => C:\Users\lenad\Desktop\OO\Hubs backup\hubs.mozilla.com\info@oasis.art\media\82ef6def-e24b-474e-a189-dcc75f30314f.jpg... 
[2024-05-07 17:02:01.997] [info]  Downloading https://uploads-prod.reticulum.io/files/fd3ecbdf-0a1d-4838-bd52-d0e3badef1f0.bin => C:\Users\lenad\Desktop\OO\Hubs backup\hubs.mozilla.com\info@oasis.art\spoke\QE7RngD\fd3ecbdf-0a1d-4838-bd52-d0e3badef1f0.bin... 
[2024-05-07 17:02:02.414] [info]  Success
[2024-05-07 17:02:02.445] [info]  Downloading https://uploads-prod.reticulum.io/files/9b98e1f2-8cb3-40d8-a3f3-b367110ef3e9.json => C:\Users\lenad\Desktop\OO\Hubs backup\hubs.mozilla.com\info@oasis.art\spoke\by4qK5K\9b98e1f2-8cb3-40d8-a3f3-b367110ef3e9.json... 
[2024-05-07 17:02:02.452] [info]  Success
[2024-05-07 17:02:02.733] [info]  Downloading https://uploads-prod.reticulum.io/files/b8af9c23-03fa-46d5-a8a8-ed207ba8ae73.jpg => C:\Users\lenad\Desktop\OO\Hubs backup\hubs.mozilla.com\info@oasis.art\spoke\WrTZXoZ\b8af9c23-03fa-46d5-a8a8-ed207ba8ae73.jpg... 
[2024-05-07 17:02:02.736] [info]  Downloading https://uploads-prod.reticulum.io/files/e95c1499-504b-420f-a2bd-2a539758d8e9.jpg => C:\Users\lenad\Desktop\OO\Hubs backup\hubs.mozilla.com\info@oasis.art\spoke\by4qK5K\e95c1499-504b-420f-a2bd-2a539758d8e9.jpg... 
[2024-05-07 17:02:02.751] [info]  Success
[2024-05-07 17:02:02.885] [info]  Success
[2024-05-07 17:02:02.918] [info]  Success
[2024-05-07 17:02:02.947] [info]  Success
[2024-05-07 17:02:02.976] [info]  Downloading https://uploads-prod.reticulum.io/files/b6d2f2fc-7274-40ef-9adf-707422fe701d.bin => C:\Users\lenad\Desktop\OO\Hubs backup\hubs.mozilla.com\info@oasis.art\spoke\by4qK5K\b6d2f2fc-7274-40ef-9adf-707422fe701d.bin... 
[2024-05-07 17:02:03.097] [info]  Downloading https://uploads-prod.reticulum.io/files/eaa55657-cdc1-4d2a-af83-82ca82709a97.jpg => C:\Users\lenad\Desktop\OO\Hubs backup\hubs.mozilla.com\info@oasis.art\media\eaa55657-cdc1-4d2a-af83-82ca82709a97.jpg... 
[2024-05-07 17:02:03.157] [info]  Success
[2024-05-07 17:02:03.172] [info]  Downloading https://uploads-prod.reticulum.io/files/280895c5-9e32-4f05-9c61-8c6979748326.jpg => C:\Users\lenad\Desktop\OO\Hubs backup\hubs.mozilla.com\info@oasis.art\spoke\wkXYZLD\280895c5-9e32-4f05-9c61-8c6979748326.jpg... 
[2024-05-07 17:02:03.174] [info]  Downloading https://uploads-prod.reticulum.io/files/d034a154-2b48-4b9c-8fdf-a2750bccff5a.json => C:\Users\lenad\Desktop\OO\Hubs backup\hubs.mozilla.com\info@oasis.art\spoke\PJYqCnu\d034a154-2b48-4b9c-8fdf-a2750bccff5a.json... 
[2024-05-07 17:02:03.181] [info]  Success
[2024-05-07 17:02:03.283] [info]  Success
[2024-05-07 17:02:03.355] [info]  Downloading https://uploads-prod.reticulum.io/files/1fb7cd13-a621-439b-b5f2-6a663899749b.jpg => C:\Users\lenad\Desktop\OO\Hubs backup\hubs.mozilla.com\info@oasis.art\media\1fb7cd13-a621-439b-b5f2-6a663899749b.jpg... 
[2024-05-07 17:02:03.397] [info]  Downloading https://uploads-prod.reticulum.io/files/e60264fc-790b-48e9-8cc4-82f09c54d194.jpg => C:\Users\lenad\Desktop\OO\Hubs backup\hubs.mozilla.com\info@oasis.art\spoke\PJYqCnu\e60264fc-790b-48e9-8cc4-82f09c54d194.jpg... 
[2024-05-07 17:02:03.404] [info]  Success
[2024-05-07 17:02:03.431] [info]  Success
[2024-05-07 17:02:03.594] [info]  Downloading https://uploads-prod.reticulum.io/files/dc2d82ec-391f-4747-857d-2e7e7e6e7d86.bin => C:\Users\lenad\Desktop\OO\Hubs backup\hubs.mozilla.com\info@oasis.art\spoke\PJYqCnu\dc2d82ec-391f-4747-857d-2e7e7e6e7d86.bin... 
[2024-05-07 17:02:03.603] [info]  Downloading https://uploads-prod.reticulum.io/files/b5c218d3-8933-41ba-a9ae-dbef9e8ddb6a.jpg => C:\Users\lenad\Desktop\OO\Hubs backup\hubs.mozilla.com\info@oasis.art\media\b5c218d3-8933-41ba-a9ae-dbef9e8ddb6a.jpg... 
[2024-05-07 17:02:03.730] [info]  Success
[2024-05-07 17:02:03.885] [info]  Downloading https://uploads-prod.reticulum.io/files/6f50588c-e436-4af0-8f27-c104ded641ef.json => C:\Users\lenad\Desktop\OO\Hubs backup\hubs.mozilla.com\info@oasis.art\spoke\ojRZK9E\6f50588c-e436-4af0-8f27-c104ded641ef.json... 
[2024-05-07 17:02:03.889] [info]  Success
[2024-05-07 17:02:03.927] [info]  Downloading https://uploads-prod.reticulum.io/files/817fb894-d089-4af0-b786-cfc5b7b30a5c.jpg => C:\Users\lenad\Desktop\OO\Hubs backup\hubs.mozilla.com\info@oasis.art\media\817fb894-d089-4af0-b786-cfc5b7b30a5c.jpg... 
[2024-05-07 17:02:03.959] [info]  Success
[2024-05-07 17:02:04.085] [info]  Downloading https://uploads-prod.reticulum.io/files/ad5ab2a3-d00e-455c-84d4-a2a219a22d7f.jpg => C:\Users\lenad\Desktop\OO\Hubs backup\hubs.mozilla.com\info@oasis.art\spoke\ojRZK9E\ad5ab2a3-d00e-455c-84d4-a2a219a22d7f.jpg... 
[2024-05-07 17:02:04.086] [info]  Success
[2024-05-07 17:02:04.110] [info]  Success
[2024-05-07 17:02:04.148] [info]  Downloading https://uploads-prod.reticulum.io/files/b194f645-fc62-4493-8004-28dfe209ca9e.jpg => C:\Users\lenad\Desktop\OO\Hubs backup\hubs.mozilla.com\info@oasis.art\spoke\PJYqCnu\b194f645-fc62-4493-8004-28dfe209ca9e.jpg... 
[2024-05-07 17:02:04.194] [info]  Success
[2024-05-07 17:02:04.197] [info]  Downloading https://uploads-prod.reticulum.io/files/7dc779ad-1bdc-4586-beb5-e6d8497b3c80.jpg => C:\Users\lenad\Desktop\OO\Hubs backup\hubs.mozilla.com\info@oasis.art\media\7dc779ad-1bdc-4586-beb5-e6d8497b3c80.jpg... 
[2024-05-07 17:02:04.254] [info]  Success
[2024-05-07 17:02:04.275] [info]  Downloading https://uploads-prod.reticulum.io/files/91726de1-0835-422a-87fd-a0d7080e56d5.bin => C:\Users\lenad\Desktop\OO\Hubs backup\hubs.mozilla.com\info@oasis.art\spoke\ojRZK9E\91726de1-0835-422a-87fd-a0d7080e56d5.bin... 
[2024-05-07 17:02:04.416] [info]  Downloading https://uploads-prod.reticulum.io/files/8bd6e28c-2df5-4b56-a747-ba981dc4f608.jpg => C:\Users\lenad\Desktop\OO\Hubs backup\hubs.mozilla.com\info@oasis.art\media\8bd6e28c-2df5-4b56-a747-ba981dc4f608.jpg... 
[2024-05-07 17:02:04.517] [info]  Downloading https://uploads-prod.reticulum.io/files/94f850e9-6e06-4611-84da-782a718448c6.json => C:\Users\lenad\Desktop\OO\Hubs backup\hubs.mozilla.com\info@oasis.art\spoke\Wjg3REv\94f850e9-6e06-4611-84da-782a718448c6.json... 
[2024-05-07 17:02:04.519] [info]  Success
[2024-05-07 17:02:04.524] [info]  Success
[2024-05-07 17:02:04.704] [info]  Downloading https://uploads-prod.reticulum.io/files/fc14fb11-d799-4744-b534-f9e158771ed7.jpg => C:\Users\lenad\Desktop\OO\Hubs backup\hubs.mozilla.com\info@oasis.art\spoke\Wjg3REv\fc14fb11-d799-4744-b534-f9e158771ed7.jpg... 
[2024-05-07 17:02:04.708] [info]  Success
[2024-05-07 17:02:04.733] [info]  Downloading https://uploads-prod.reticulum.io/files/0357d5f1-afb0-4dd3-9aba-67c0b68b5e3d.jpg => C:\Users\lenad\Desktop\OO\Hubs backup\hubs.mozilla.com\info@oasis.art\media\0357d5f1-afb0-4dd3-9aba-67c0b68b5e3d.jpg... 
[2024-05-07 17:02:04.826] [info]  Success
[2024-05-07 17:02:04.940] [info]  Downloading https://uploads-prod.reticulum.io/files/17f8a7cf-7b02-4a74-a492-9665c8c857e2.bin => C:\Users\lenad\Desktop\OO\Hubs backup\hubs.mozilla.com\info@oasis.art\spoke\Wjg3REv\17f8a7cf-7b02-4a74-a492-9665c8c857e2.bin... 
[2024-05-07 17:02:04.970] [info]  Success
[2024-05-07 17:02:05.086] [info]  Downloading https://uploads-prod.reticulum.io/files/d3dd897e-dbfe-4236-8349-7a15d1f12cb3.jpg => C:\Users\lenad\Desktop\OO\Hubs backup\hubs.mozilla.com\info@oasis.art\media\d3dd897e-dbfe-4236-8349-7a15d1f12cb3.jpg... 
[2024-05-07 17:02:05.211] [info]  Success
[2024-05-07 17:02:05.241] [info]  Downloading https://uploads-prod.reticulum.io/files/f2d09ab1-aba4-464a-b795-d7a4e4ed96cb.jpg => C:\Users\lenad\Desktop\OO\Hubs backup\hubs.mozilla.com\info@oasis.art\spoke\Wjg3REv\f2d09ab1-aba4-464a-b795-d7a4e4ed96cb.jpg... 
[2024-05-07 17:02:05.278] [info]  Success
[2024-05-07 17:02:05.521] [info]  Downloading https://uploads-prod.reticulum.io/files/9b5d6f44-92fd-4e2b-b88f-c5e47f8ee6be.jpg => C:\Users\lenad\Desktop\OO\Hubs backup\hubs.mozilla.com\info@oasis.art\media\9b5d6f44-92fd-4e2b-b88f-c5e47f8ee6be.jpg... 
[2024-05-07 17:02:05.609] [info]  Success
[2024-05-07 17:02:05.861] [info]  Downloading https://uploads-prod.reticulum.io/files/ed8c4e8e-7921-4372-94c3-312c2f24ffab.jpg => C:\Users\lenad\Desktop\OO\Hubs backup\hubs.mozilla.com\info@oasis.art\media\ed8c4e8e-7921-4372-94c3-312c2f24ffab.jpg... 
[2024-05-07 17:02:05.920] [info]  Success
[2024-05-07 17:02:06.190] [info]  Downloading https://uploads-prod.reticulum.io/files/ae6b22d8-dfee-4e51-918a-1bc55a3b83b9.jpg => C:\Users\lenad\Desktop\OO\Hubs backup\hubs.mozilla.com\info@oasis.art\media\ae6b22d8-dfee-4e51-918a-1bc55a3b83b9.jpg... 
[2024-05-07 17:02:06.244] [info]  Success
[2024-05-07 17:02:06.496] [info]  Downloading https://uploads-prod.reticulum.io/files/168d559c-b8ab-4eb7-9053-aad57c1e7257.jpg => C:\Users\lenad\Desktop\OO\Hubs backup\hubs.mozilla.com\info@oasis.art\media\168d559c-b8ab-4eb7-9053-aad57c1e7257.jpg... 
[2024-05-07 17:02:06.561] [info]  Success
[2024-05-07 17:02:06.576] [info]  Success
[2024-05-07 17:02:06.761] [info]  Downloading https://uploads-prod.reticulum.io/files/2b2c8c46-93ee-4063-a6bc-8345095686ce.jpg => C:\Users\lenad\Desktop\OO\Hubs backup\hubs.mozilla.com\info@oasis.art\media\2b2c8c46-93ee-4063-a6bc-8345095686ce.jpg... 
[2024-05-07 17:02:06.780] [info]  Downloading https://uploads-prod.reticulum.io/files/eb9ebdab-70fb-42ba-a108-3d618fd507fa.jpg => C:\Users\lenad\Desktop\OO\Hubs backup\hubs.mozilla.com\info@oasis.art\spoke\jUXdHsx\eb9ebdab-70fb-42ba-a108-3d618fd507fa.jpg... 
[2024-05-07 17:02:06.830] [info]  Success
[2024-05-07 17:02:06.898] [info]  Success
[2024-05-07 17:02:06.966] [info]  Downloading https://uploads-prod.reticulum.io/files/e7da03ff-132e-4573-b1ca-66f21dba705d.jpg => C:\Users\lenad\Desktop\OO\Hubs backup\hubs.mozilla.com\info@oasis.art\media\e7da03ff-132e-4573-b1ca-66f21dba705d.jpg... 
[2024-05-07 17:02:07.010] [info]  Success
[2024-05-07 17:02:07.163] [info]  Downloading https://uploads-prod.reticulum.io/files/b3a0b444-5919-4a45-97f1-55e3dc471cfe.jpg => C:\Users\lenad\Desktop\OO\Hubs backup\hubs.mozilla.com\info@oasis.art\media\b3a0b444-5919-4a45-97f1-55e3dc471cfe.jpg... 
[2024-05-07 17:02:07.240] [info]  Success
[2024-05-07 17:02:07.485] [info]  Downloading https://uploads-prod.reticulum.io/files/760566b2-ab36-4136-a77e-a4602ba1405f.glb => C:\Users\lenad\Desktop\OO\Hubs backup\hubs.mozilla.com\info@oasis.art\media\760566b2-ab36-4136-a77e-a4602ba1405f.glb... 
[2024-05-07 17:02:08.659] [info]  Success
[2024-05-07 17:02:08.918] [info]  Downloading https://uploads-prod.reticulum.io/files/1d511aef-13d3-4f15-bd67-1c8edd8d08ff.jpg => C:\Users\lenad\Desktop\OO\Hubs backup\hubs.mozilla.com\info@oasis.art\spoke\by4qK5K\1d511aef-13d3-4f15-bd67-1c8edd8d08ff.jpg... 
[2024-05-07 17:02:09.144] [info]  Success
[2024-05-07 17:02:09.159] [info]  Success
[2024-05-07 17:02:09.539] [info]  Downloading https://uploads-prod.reticulum.io/files/4f4525c3-48e7-41b2-ae39-0d1b69eb5a73.jpg => C:\Users\lenad\Desktop\OO\Hubs backup\hubs.mozilla.com\info@oasis.art\spoke\ojRZK9E\4f4525c3-48e7-41b2-ae39-0d1b69eb5a73.jpg... 
[2024-05-07 17:02:09.577] [info]  Success
[2024-05-07 17:02:12.899] [info]  Success
[2024-05-07 17:02:13.049] [info]  Downloading https://uploads-prod.reticulum.io/files/3da33891-96b3-4828-b202-628387df02b8.jpg => C:\Users\lenad\Desktop\OO\Hubs backup\hubs.mozilla.com\info@oasis.art\spoke\Aar2VM5\3da33891-96b3-4828-b202-628387df02b8.jpg... 
[2024-05-07 17:02:13.142] [info]  Success
[2024-05-07 17:02:13.298] [info]  Success
[2024-05-07 17:02:13.386] [info]  Downloading https://uploads-prod.reticulum.io/files/3c350acc-12bf-436a-9bcc-e93a9c2f0ee7.jpg => C:\Users\lenad\Desktop\OO\Hubs backup\hubs.mozilla.com\info@oasis.art\media\3c350acc-12bf-436a-9bcc-e93a9c2f0ee7.jpg... 
[2024-05-07 17:02:13.464] [info]  Success
[2024-05-07 17:02:13.563] [info]  Downloading https://uploads-prod.reticulum.io/files/333385b5-b229-4207-b0da-fdec5b0752b3.mp3 => C:\Users\lenad\Desktop\OO\Hubs backup\hubs.mozilla.com\info@oasis.art\media\333385b5-b229-4207-b0da-fdec5b0752b3.mp3... 
[2024-05-07 17:02:15.389] [info]  Success
[2024-05-07 17:02:15.477] [info]  Downloading https://uploads-prod.reticulum.io/files/1392ff17-74fe-4d09-b49c-761e53601697.jpg => C:\Users\lenad\Desktop\OO\Hubs backup\hubs.mozilla.com\info@oasis.art\media\1392ff17-74fe-4d09-b49c-761e53601697.jpg... 
[2024-05-07 17:02:15.594] [info]  Success
[2024-05-07 17:02:15.693] [info]  Downloading https://uploads-prod.reticulum.io/files/205dca49-34a7-4130-a582-58bacdc3a498.mp3 => C:\Users\lenad\Desktop\OO\Hubs backup\hubs.mozilla.com\info@oasis.art\media\205dca49-34a7-4130-a582-58bacdc3a498.mp3... 
[2024-05-07 17:02:16.879] [info]  Success
[2024-05-07 17:02:16.983] [info]  Downloading https://uploads-prod.reticulum.io/files/ae6c9647-d6c0-48f7-b810-6629945a4410.jpg => C:\Users\lenad\Desktop\OO\Hubs backup\hubs.mozilla.com\info@oasis.art\media\ae6c9647-d6c0-48f7-b810-6629945a4410.jpg... 
[2024-05-07 17:02:17.070] [info]  Success
[2024-05-07 17:02:17.157] [info]  Downloading https://uploads-prod.reticulum.io/files/db0718ec-ee4a-4ee7-9dee-fa7c21225f03.jpg => C:\Users\lenad\Desktop\OO\Hubs backup\hubs.mozilla.com\info@oasis.art\media\db0718ec-ee4a-4ee7-9dee-fa7c21225f03.jpg... 
[2024-05-07 17:02:17.227] [info]  Success
[2024-05-07 17:02:17.334] [info]  Downloading https://uploads-prod.reticulum.io/files/bfd45748-0a70-4d5c-8d9c-3123041e6424.jpg => C:\Users\lenad\Desktop\OO\Hubs backup\hubs.mozilla.com\info@oasis.art\media\bfd45748-0a70-4d5c-8d9c-3123041e6424.jpg... 
[2024-05-07 17:02:17.467] [info]  Success
[2024-05-07 17:02:17.553] [info]  Downloading https://uploads-prod.reticulum.io/files/5cabb0f4-8c93-40df-85cd-621a2418ff05.jpg => C:\Users\lenad\Desktop\OO\Hubs backup\hubs.mozilla.com\info@oasis.art\media\5cabb0f4-8c93-40df-85cd-621a2418ff05.jpg... 
[2024-05-07 17:02:17.644] [info]  Success
[2024-05-07 17:02:17.740] [info]  Downloading https://uploads-prod.reticulum.io/files/274fcf1e-8de2-40fc-85e6-c4306137a76a.jpg => C:\Users\lenad\Desktop\OO\Hubs backup\hubs.mozilla.com\info@oasis.art\media\274fcf1e-8de2-40fc-85e6-c4306137a76a.jpg... 
[2024-05-07 17:02:17.865] [info]  Success
[2024-05-07 17:02:17.950] [info]  Downloading https://uploads-prod.reticulum.io/files/d722b236-cef3-433f-94ff-61409fcd6af3.jpg => C:\Users\lenad\Desktop\OO\Hubs backup\hubs.mozilla.com\info@oasis.art\media\d722b236-cef3-433f-94ff-61409fcd6af3.jpg... 
[2024-05-07 17:02:18.029] [info]  Success
[2024-05-07 17:02:18.117] [info]  Downloading https://uploads-prod.reticulum.io/files/6dad576d-b7a1-4e46-8d19-0e49c814935c.jpg => C:\Users\lenad\Desktop\OO\Hubs backup\hubs.mozilla.com\info@oasis.art\media\6dad576d-b7a1-4e46-8d19-0e49c814935c.jpg... 
[2024-05-07 17:02:18.193] [info]  Success
[2024-05-07 17:02:18.236] [info]  Success
[2024-05-07 17:02:18.313] [info]  Downloading https://uploads-prod.reticulum.io/files/9e6782cb-247a-4383-a74c-2e0bba82a276.jpg => C:\Users\lenad\Desktop\OO\Hubs backup\hubs.mozilla.com\info@oasis.art\media\9e6782cb-247a-4383-a74c-2e0bba82a276.jpg... 
[2024-05-07 17:02:18.373] [info]  Success
[2024-05-07 17:02:18.404] [info]  Downloading https://uploads-prod.reticulum.io/files/b0a3321c-fec5-46e4-a349-c0f86c92b57f.jpg => C:\Users\lenad\Desktop\OO\Hubs backup\hubs.mozilla.com\info@oasis.art\spoke\QE7RngD\b0a3321c-fec5-46e4-a349-c0f86c92b57f.jpg... 
[2024-05-07 17:02:18.472] [info]  Downloading https://uploads-prod.reticulum.io/files/92af012f-ebd3-4fb7-94c4-e4e4c837c3d2.mp4 => C:\Users\lenad\Desktop\OO\Hubs backup\hubs.mozilla.com\info@oasis.art\media\92af012f-ebd3-4fb7-94c4-e4e4c837c3d2.mp4... 
[2024-05-07 17:02:18.505] [info]  Success
[2024-05-07 17:02:21.218] [info]  Success
[2024-05-07 17:02:21.302] [info]  Downloading https://uploads-prod.reticulum.io/files/27c9b888-33e1-435a-b7db-aa5073f5463d.glb => C:\Users\lenad\Desktop\OO\Hubs backup\hubs.mozilla.com\info@oasis.art\media\27c9b888-33e1-435a-b7db-aa5073f5463d.glb... 
[2024-05-07 17:02:21.463] [info]  Success
[2024-05-07 17:02:21.547] [info]  Downloading https://uploads-prod.reticulum.io/files/cfd962e7-79df-4698-8e7a-b7978431fcf6.png => C:\Users\lenad\Desktop\OO\Hubs backup\hubs.mozilla.com\info@oasis.art\media\cfd962e7-79df-4698-8e7a-b7978431fcf6.png... 
[2024-05-07 17:02:21.574] [info]  Success
[2024-05-07 17:02:21.660] [info]  Downloading https://uploads-prod.reticulum.io/files/5542ea47-4b98-425b-888a-6b87973ae684.png => C:\Users\lenad\Desktop\OO\Hubs backup\hubs.mozilla.com\info@oasis.art\media\5542ea47-4b98-425b-888a-6b87973ae684.png... 
[2024-05-07 17:02:21.694] [info]  Success
[2024-05-07 17:02:21.789] [info]  Downloading https://uploads-prod.reticulum.io/files/65f83f49-9dfd-4a3e-b0ff-e65b7b848c82.png => C:\Users\lenad\Desktop\OO\Hubs backup\hubs.mozilla.com\info@oasis.art\media\65f83f49-9dfd-4a3e-b0ff-e65b7b848c82.png... 
[2024-05-07 17:02:21.826] [info]  Success
[2024-05-07 17:02:21.931] [info]  Downloading https://uploads-prod.reticulum.io/files/68aa5517-637e-4456-9984-def262532576.glb => C:\Users\lenad\Desktop\OO\Hubs backup\hubs.mozilla.com\info@oasis.art\media\68aa5517-637e-4456-9984-def262532576.glb... 
[2024-05-07 17:02:25.517] [info]  Success
[2024-05-07 17:02:25.519] [info]  Backup finished
